Performing C SOURCE FILE Test OK failed with the following output:
Change Dir: /home/jake/sysgen/build/WORK/SoftFloat/SoftFloat32.Debug/CMakeFiles/CMakeTmp

Run Build Command(s):/usr/bin/make cmTC_25537/fast && /usr/bin/make -f CMakeFiles/cmTC_25537.dir/build.make CMakeFiles/cmTC_25537.dir/build
make[1]: Entering directory '/home/jake/sysgen/build/WORK/SoftFloat/SoftFloat32.Debug/CMakeFiles/CMakeTmp'
Building C object CMakeFiles/cmTC_25537.dir/src.c.o
/usr/bin/cc   -DOK -m32   -m32 -o CMakeFiles/cmTC_25537.dir/src.c.o   -c /home/jake/sysgen/build/WORK/SoftFloat/SoftFloat32.Debug/CMakeFiles/CMakeTmp/src.c
Linking C executable cmTC_25537
/usr/bin/cmake -E cmake_link_script CMakeFiles/cmTC_25537.dir/link.txt --verbose=1
/usr/bin/cc  -DOK -m32    -rdynamic CMakeFiles/cmTC_25537.dir/src.c.o  -o cmTC_25537 
/usr/bin/ld: cannot find Scrt1.o: No such file or directory
/usr/bin/ld: cannot find crti.o: No such file or directory
/usr/bin/ld: skipping incompatible /usr/lib/gcc/x86_64-linux-gnu/9/libgcc.a when searching for -lgcc
/usr/bin/ld: cannot find -lgcc
/usr/bin/ld: skipping incompatible /usr/lib/gcc/x86_64-linux-gnu/9/libgcc.a when searching for -lgcc
/usr/bin/ld: cannot find -lgcc
collect2: error: ld returned 1 exit status
make[1]: *** [CMakeFiles/cmTC_25537.dir/build.make:87: cmTC_25537] Error 1
make[1]: Leaving directory '/home/jake/sysgen/build/WORK/SoftFloat/SoftFloat32.Debug/CMakeFiles/CMakeTmp'
make: *** [Makefile:121: cmTC_25537/fast] Error 2


Source file was:
int main(void) { return 0; }
