08:40:09 HHC00109E set_thread_priority( 5 ) failed: Operation not permitted
08:40:09 HHC00007I Previous message from function 'impl' at impl.c(989)
08:40:09 HHC00110W Defaulting all threads to priority 0
08:40:09 HHC00007I Previous message from function 'impl' at impl.c(992)
08:40:09 HHC00100I Thread id 00007fbefce5f540, prio 0, name 'impl_thread' started
08:40:09 HHC90020W 'hthread_setschedparam()' failed at loc=impl.c:1011: rc=22: Invalid argument
08:40:09 HHC00007I Previous message from function 'hthread_set_thread_prio' at hthreads.c(1170)
08:40:09 HHC00100I Thread id 00007fbefcd5c700, prio 0, name 'logger_thread' started
08:40:09 HHC01413I Hercules version 4.4.9999.0-SDL-g7bcdc7e6 (4.4.9999.0)
08:40:09 HHC01414I (C) Copyright 1999-2021 by Roger Bowler, Jan Jaeger, and others
08:40:09 HHC01417I ** The SoftDevLabs version of Hercules **
08:40:09 HHC01415I Build date: Aug  4 2021 at 07:58:16
08:40:09 HHC01417I Built with: GCC 9.3.0
08:40:09 HHC01417I Build type: GNU/Linux x86_64 host architecture build
08:40:09 HHC01417I Modes: S/370 ESA/390 z/Arch
08:40:09 HHC01417I Max CPU Engines: 128
08:40:09 HHC01417I Using   shared libraries
08:40:09 HHC01417I Using   setresuid() for setting privileges
08:40:09 HHC01417I Using   POSIX threads Threading Model
08:40:09 HHC01417I Using   Error-Checking Mutex Locking Model
08:40:09 HHC01417I With    Shared Devices support
08:40:09 HHC01417I With    Dynamic loading support
08:40:09 HHC01417I With    External GUI support
08:40:09 HHC01417I With    IPV6 support
08:40:09 HHC01417I With    HTTP Server support
08:40:09 HHC01417I With    sqrtl support
08:40:09 HHC01417I With    Signal handling
08:40:09 HHC01417I With    Watchdog monitoring
08:40:09 HHC01417I With    CCKD BZIP2 support
08:40:09 HHC01417I With    HET BZIP2 support
08:40:09 HHC01417I With    ZLIB support
08:40:09 HHC01417I With    Regular Expressions support
08:40:09 HHC01417I Without Object REXX support
08:40:09 HHC01417I With    Regina REXX support
08:40:09 HHC01417I With    Automatic Operator support
08:40:09 HHC01417I Without National Language Support
08:40:09 HHC01417I With    CCKD64 Support
08:40:09 HHC01417I With    Transactional-Execution Facility support
08:40:09 HHC01417I With    "Optimized" instructions
08:40:09 HHC01417I With    OPTION_USE_SKAIP_AS_LOCK
08:40:09 HHC01417I With    OPTION_SIE2BK_FLD_COPY
08:40:09 HHC01417I Machine dependent assists: cmpxchg1 cmpxchg4 cmpxchg8 cmpxchg16 hatomics=C11
08:40:09 HHC01417I Running on: jake-ThinkPad-T14-Gen-1 (Linux-5.8.0-63-generic x86_64) MP=16
08:40:09 HHC01417I Built with crypto external package version 1.0.0.49-g837705e
08:40:09 HHC01417I Built with decNumber external package version 3.68.0.99-gda66509
08:40:09 HHC01417I Built with SoftFloat external package version 3.5.0.102-g42f2f99
08:40:09 HHC01417I Built with telnet external package version 1.0.0.59-g2aca101
08:40:09 HHC00018W Hercules is NOT running in elevated mode
08:40:09 HHC00007I Previous message from function 'impl' at impl.c(1046)
08:40:09 HHC00150I Crypto module loaded (C) Copyright 2003-2016 by Bernard van der Helm
08:40:09 HHC00151I Activated facility: Message Security Assist
08:40:09 HHC00151I Activated facility: Message Security Assist Extension 1, 2, 3 and 4
08:40:09 HHC17528I REXX(Regina) VERSION: REXX-Regina_3.6(MT) 5.00 31 Dec 2011
08:40:09 HHC17529I REXX(Regina) SOURCE:  UNIX
08:40:09 HHC17525I REXX(Regina) Rexx has been started/enabled
08:40:09 HHC17500I REXX(Regina) Mode            : Command
08:40:09 HHC17500I REXX(Regina) MsgLevel        : Off
08:40:09 HHC17500I REXX(Regina) MsgPrefix       : Off
08:40:09 HHC17500I REXX(Regina) ErrPrefix       : Off
08:40:09 HHC17500I REXX(Regina) Resolver        : On
08:40:09 HHC17500I REXX(Regina) SysPath    ( 9) : On
08:40:09 HHC17500I REXX(Regina) RexxPath   ( 0) :
08:40:09 HHC17500I REXX(Regina) Extensions ( 8) : .REXX:.rexx:.REX:.rex:.CMD:.cmd:.RX:.rx
08:40:09 HHC90020W 'hthread_setschedparam()' failed at loc=impl.c:432: rc=22: Invalid argument
08:40:09 HHC00007I Previous message from function 'hthread_set_thread_prio' at hthreads.c(1170)
08:40:09 HHC00111I Thread CPU Time IS available (_POSIX_THREAD_CPUTIME=0)
08:40:09 HHC90020W 'hthread_setschedparam()' failed at loc=cpu.c:2335: rc=22: Invalid argument
08:40:09 HHC00007I Previous message from function 'hthread_set_thread_prio' at hthreads.c(1170)
08:40:09 HHC90020W 'hthread_setschedparam()' failed at loc=timer.c:193: rc=22: Invalid argument
08:40:09 HHC00007I Previous message from function 'hthread_set_thread_prio' at hthreads.c(1170)
08:40:09 HHC00100I Thread id 00007fbefc5f8700, prio 0, name 'Processor CP00' started
08:40:09 HHC00100I Thread id 00007fbefc4f7700, prio 0, name 'timer_thread' started
08:40:09 HHC00811I Processor CP00: architecture mode z/Arch
08:40:09 HHC00811I Processor CP00: architecture mode S/370
08:40:09 HHC02204I ARCHLVL        set to S/370
08:40:09 HHC02204I LPARNUM        set to BASIC
08:40:09 HHC02204I CPUSERIAL      set to 000611
08:40:09 HHC02204I CPUMODEL       set to 0148
08:40:09 HHC17003I MAIN     storage is 8M (mainsize); storage is not locked
08:40:09 HHC17003I EXPANDED storage is 0 (xpndsize); storage is not locked
08:40:09 HHC02204I NUMCPU         set to 1
08:40:09 HHC02204I LOADPARM       set to ........
08:40:09 HHC02256W Command 'PANRATE' is deprecated; use PANOPT RATE=xxx instead
08:40:09 HHC00007I Previous message from function 'panrate_cmd' at hsccmd.c(4254)
08:40:09 HHC02204I PANRATE        set to 250
08:40:09 HHC00221I 0:0170 Tape file tape/stage1.het, type HET: format type Hercules Emulated Tape file
08:40:09 HHC00414I 0:0148 CKD file dasd/smp000.3350: model 3350 cyls 560 heads 30 tracks 16800 trklen 19456
08:40:09 HHC00414I 0:0150 CKD file dasd/start1.3330: model 3330 cyls 411 heads 19 tracks 7809 trklen 13312
08:40:09 HHC00414I 0:0151 CKD file dasd/spool0.3330: model 3330 cyls 411 heads 19 tracks 7809 trklen 13312
08:40:09 HHC00414I 0:0248 CKD file dasd/work00.3350: model 3350 cyls 560 heads 30 tracks 16800 trklen 19456
08:40:09 HHC00414I 0:0249 CKD file dasd/work01.3350: model 3350 cyls 560 heads 30 tracks 16800 trklen 19456
08:40:09 HHC02260I Script 1: begin processing file ../04_sysgen_system_generation.rc
08:40:09 HHC01603I * System Generation
08:40:09 HHC01603I rexx msgp on
08:40:09 HHC01603I shcmdopt enable
08:40:09 HHC02204I SHCMDOPT       set to ENABLE  NODIAG8
08:40:09 HHC01603I ostailor quiet
08:40:09 HHC01603I panopt msgcolor=dark
08:40:09 HHC02204I PANOPT         set to FULLPATH RATE=250 MSGCOLOR=DARK TITLE=(default)
08:40:09 HHC01603I * Launching Automation REXX script
08:40:09 HHC01603I exec ../automate.rexx ../03_system_generation.txt hercules.log -d &&
08:40:09 HHC01603I ipl 150
08:40:09 HHC01603I sh touch failure
08:40:09 HHC17540I Commands file: /home/jake/sysgen/03_system_generation.txt
08:40:09 HHC17540I Log file: /home/jake/sysgen/sysgen/hercules.log
08:40:09 HHC17540I [AUTOMATE DEBUG] Debug enabled
08:40:09 HHC17540I # System Generation Process
08:40:09 HHC17540I [AUTOMATE DEBUG] Waiting for: HHC00010A Enter input for console 0...
08:40:09 HHC17540I [AUTOMATE DEBUG] Response: /r 0,clpa
08:40:09 HHC02264I Script 1: file ../04_sysgen_system_generation.rc processing ended
08:40:09 HHC00107I Starting thread cckd_ra(), active=0, started=0, max=2
08:40:09 HHC00100I Thread id 00007fbefc2f5700, prio 0, name 'cckd_ra thread 1' started
08:40:09 HHC00107I Starting thread cckd_ra() from cckd_ra(), active=1, started=1, max=2
08:40:09 HHC00100I Thread id 00007fbefc1f4700, prio 0, name 'cckd_ra thread 2' started
08:40:09 HHC00814I Processor CP00: SIGP Initial program reset            (07) CP01, PARM 00000000: CC 3
08:40:09 HHC00814I Processor CP00: SIGP Initial program reset            (07) CP02, PARM 00000000: CC 3
08:40:09 HHC00814I Processor CP00: SIGP Initial program reset            (07) CP03, PARM 00000000: CC 3
08:40:09 HHC00814I Processor CP00: SIGP Initial program reset            (07) CP04, PARM 00000000: CC 3
08:40:09 HHC00814I Processor CP00: SIGP Initial program reset            (07) CP05, PARM 00000000: CC 3
08:40:09 HHC00814I Processor CP00: SIGP Initial program reset            (07) CP06, PARM 00000000: CC 3
08:40:09 HHC00814I Processor CP00: SIGP Initial program reset            (07) CP07, PARM 00000000: CC 3
08:40:09 /IEA101A SPECIFY SYSTEM PARAMETERS FOR RELEASE 03.70.VS2
08:40:09 HHC00010A Enter input for console 0:001F
08:40:15 HHC17540I [AUTOMATE DEBUG] Found challenge, replying with: /r 0,clpa
08:40:16 /r 0,clpa
08:40:16 HHC17540I [AUTOMATE DEBUG] Waiting for: $HASP426 SPECIFY OPTIONS - HASP-II, VERSION JES...
08:40:16 HHC17540I [AUTOMATE DEBUG] Response: /r 0,noreq
08:40:17 HHC00107I Starting thread cckd_writer(), active=0, started=0, max=2
08:40:17 HHC90020W 'hthread_setschedparam()' failed at loc=cckddasd.c:1775: rc=22: Invalid argument
08:40:17 HHC00007I Previous message from function 'hthread_set_thread_prio' at hthreads.c(1170)
08:40:17 HHC00100I Thread id 00007fbeeeffa700, prio 0, name 'cckd_writer thread 1' started
08:40:17 HHC00107I Starting thread cckd_gcol(), active=0, started=0, max=1
08:40:17 HHC00100I Thread id 00007fbeeeef9700, prio 0, name 'cckd_gcol' started
08:40:19 HHC00107I Starting thread cckd_writer() from cckd_writer(), active=1, started=1, max=2
08:40:19 HHC90020W 'hthread_setschedparam()' failed at loc=cckddasd.c:1775: rc=22: Invalid argument
08:40:19 HHC00007I Previous message from function 'hthread_set_thread_prio' at hthreads.c(1170)
08:40:19 HHC00100I Thread id 00007fbeeedf8700, prio 0, name 'cckd_writer thread 2' started
08:40:21 / IEF165I // START JES2
08:40:21 / IEE351I SMF SYS1.MAN RECORDING NOT BEING USED
08:40:21 /*00 $HASP426 SPECIFY OPTIONS - HASP-II, VERSION JES2 4.0
08:40:22 HHC17540I [AUTOMATE DEBUG] Found challenge, replying with: /r 00,noreq
08:40:23 /r 00,noreq
08:40:23 HHC17540I [AUTOMATE DEBUG] Waiting for: / $HASP099 ALL AVAILABLE FUNCTIONS COM...
08:40:23 HHC17540I [AUTOMATE DEBUG] Response: /$pi2-3
08:40:23 / IEE600I REPLY TO 00 IS;SUPPRESSED
08:40:23 / $HASP160 PUNCH1   INACTIVE - CLASS=BK
08:40:23 / $HASP125 READER1  SKIPPING FOR JOB CARD
08:40:23 / $HASP150 SYSLOG   ON PRINTER1
08:40:23 / $HASP100 INIT     ON STCINRDR
08:40:23 / IEE041I THE SYSTEM LOG IS NOW ACTIVE
08:40:23 / $HASP100 INIT     ON STCINRDR
08:40:23 / $HASP100 INIT     ON STCINRDR
08:40:23 / $HASP150 INIT     ON PRINTER1
08:40:23 / $HASP250 SYSLOG   IS PURGED
08:40:23 / $HASP373 INIT     STARTED
08:40:23 / $HASP309    INIT  1 INACTIVE ******** C=A
08:40:23 / $HASP309    INIT  2 INACTIVE ******** C=BA
08:40:23 / $HASP309    INIT  3 INACTIVE ******** C=CBA
08:40:23 / $HASP150 INIT     ON PRINTER1
08:40:23 / $HASP250 INIT     IS PURGED
08:40:23 / $HASP373 INIT     STARTED
08:40:23 / $HASP150 INIT     ON PRINTER1
08:40:23 / $HASP250 INIT     IS PURGED
08:40:23 / $HASP373 INIT     STARTED
08:40:23 / $HASP160 PRINTER1 INACTIVE - CLASS=AJ
08:40:23 / $HASP250 INIT     IS PURGED
08:40:23 / $HASP099 ALL AVAILABLE FUNCTIONS COMPLETE
08:40:34 HHC17540I [AUTOMATE DEBUG] Found challenge, replying with: /$pi2-3
08:40:35 /$pi2-3
08:40:35 HHC17540I # [1/20] SYSGEN00 - initialize the four new DASD volumes
08:40:35 HHC17540I [AUTOMATE DEBUG] Command on its own: script conf/sysgen.script
08:40:35 / $HASP000 OK
08:40:35 / $HASP395 INIT     ENDED
08:40:35 / $HASP395 INIT     ENDED
08:40:35 / $HASP150 INIT     ON PRINTER1
08:40:35 / $HASP150 INIT     ON PRINTER1
08:40:35 / $HASP250 INIT     IS PURGED
08:40:35 / $HASP160 PRINTER1 INACTIVE - CLASS=AJ
08:40:35 / $HASP250 INIT     IS PURGED
08:40:35 / $HASP099 ALL AVAILABLE FUNCTIONS COMPLETE
08:40:36 HHC01603I script conf/sysgen.script
08:40:36 HHC17540I [AUTOMATE DEBUG] Waiting for: file conf/sysgen.script processing ...
08:40:36 HHC17540I [AUTOMATE DEBUG] Response: devinit 12 jcl/sysgen00.jcl
08:40:36 HHC02260I Script 2: begin processing file conf/sysgen.script
08:40:36 HHC01603I attach 149 3350 dasd/mvsres.3350
08:40:36 HHC00414I 0:0149 CKD file dasd/mvsres.3350: model 3350 cyls 560 heads 30 tracks 16800 trklen 19456
08:40:36 HHC01603I attach 14a 3350 dasd/mvs000.3350
08:40:36 HHC00414I 0:014A CKD file dasd/mvs000.3350: model 3350 cyls 560 heads 30 tracks 16800 trklen 19456
08:40:36 HHC01603I attach 14b 3350 dasd/spool1.3350
08:40:36 HHC00414I 0:014B CKD file dasd/spool1.3350: model 3350 cyls 560 heads 30 tracks 16800 trklen 19456
08:40:36 HHC01603I attach 14c 3350 dasd/page00.3350
08:40:36 HHC00414I 0:014C CKD file dasd/page00.3350: model 3350 cyls 560 heads 30 tracks 16800 trklen 19456
08:40:36 HHC02264I Script 2: file conf/sysgen.script processing ended
08:40:48 HHC17540I [AUTOMATE DEBUG] Found challenge, replying with: devinit 12 jcl/sysgen00.jcl
08:40:49 HHC01603I devinit 12 jcl/sysgen00.jcl
08:40:49 HHC02245I 0:0012 device initialized
08:40:49 HHC17540I [AUTOMATE DEBUG] Waiting for: ICK003D REPLY U TO ALTER VOLUME 149 CONTENTS, E...
08:40:49 HHC17540I [AUTOMATE DEBUG] Response: /r 1,u
08:40:49 / $HASP100 SYSGEN00 ON READER1     INITIALIZE DASD
08:40:49 / $HASP373 SYSGEN00 STARTED - INIT  1 - CLASS A - SYS H158
08:40:50 /*01 ICK003D REPLY U TO ALTER VOLUME 149 CONTENTS, ELSE T
08:40:53 HHC17540I [AUTOMATE DEBUG] Found challenge, replying with: /r 01,u
08:40:54 /r 01,u
08:40:54 HHC17540I [AUTOMATE DEBUG] Waiting for: ICK003D REPLY U TO ALTER VOLUME 14A CONTENTS, E...
08:40:54 HHC17540I [AUTOMATE DEBUG] Response: /r 2,u
08:40:54 / IEE600I REPLY TO 01 IS;SUPPRESSED
08:41:03 /*02 ICK003D REPLY U TO ALTER VOLUME 14A CONTENTS, ELSE T
08:41:03 HHC17540I [AUTOMATE DEBUG] Found challenge, replying with: /r 02,u
08:41:04 /r 02,u
08:41:04 HHC17540I [AUTOMATE DEBUG] Waiting for: ICK003D REPLY U TO ALTER VOLUME 14B CONTENTS, E...
08:41:04 HHC17540I [AUTOMATE DEBUG] Response: /r 3,u
08:41:04 / IEE600I REPLY TO 02 IS;SUPPRESSED
08:41:14 /*03 ICK003D REPLY U TO ALTER VOLUME 14B CONTENTS, ELSE T
08:41:15 HHC17540I [AUTOMATE DEBUG] Found challenge, replying with: /r 03,u
08:41:16 /r 03,u
08:41:16 HHC17540I [AUTOMATE DEBUG] Waiting for: ICK003D REPLY U TO ALTER VOLUME 14C CONTENTS, E...
08:41:16 HHC17540I [AUTOMATE DEBUG] Response: /r 4,u
08:41:16 / IEE600I REPLY TO 03 IS;SUPPRESSED
08:41:16 /*04 ICK003D REPLY U TO ALTER VOLUME 14C CONTENTS, ELSE T
08:41:18 HHC17540I [AUTOMATE DEBUG] Found challenge, replying with: /r 04,u
08:41:19 /r 04,u
08:41:19 HHC17540I [AUTOMATE DEBUG] Waiting for: IEF166D REPLY Y/N TO EXECUTE/SUPPRESS CO...
08:41:19 HHC17540I [AUTOMATE DEBUG] Response: /r 5,y
08:41:19 / IEE600I REPLY TO 04 IS;SUPPRESSED
08:41:20 / $HASP100 SYSGEN00 ON INTRDR      MOUNT DASD
08:41:20 / $HASP100 SYSGEN00 ON INTRDR      SETUP FOR SYSGEN
08:41:20 / IEF165I // V (149,14A,14B,14C),ONLINE
08:41:20 /*05 IEF166D REPLY Y/N TO EXECUTE/SUPPRESS COMMAND
08:41:20 / $HASP395 SYSGEN00 ENDED
08:41:20 / $HASP309    INIT  1 INACTIVE ******** C=A
08:41:20 / $HASP150 SYSGEN00 ON PRINTER1
08:41:20 / $HASP160 PRINTER1 INACTIVE - CLASS=AJ
08:41:20 / $HASP250 SYSGEN00 IS PURGED
08:41:23 HHC17540I [AUTOMATE DEBUG] Found challenge, replying with: /r 05,y
08:41:24 /r 05,y
08:41:24 HHC17540I [AUTOMATE DEBUG] Waiting for: IEF166D REPLY Y/N TO EXECUTE/SUPPRESS CO...
08:41:24 HHC17540I [AUTOMATE DEBUG] Response: /r 6,y
08:41:24 / IEE600I REPLY TO 05 IS;Y
08:41:24 / IEF165I // M 149,VOL=(SL,MVSRES),USE=PRIVATE
08:41:24 /*06 IEF166D REPLY Y/N TO EXECUTE/SUPPRESS COMMAND
08:41:24 / IEE302I 149      ONLINE
08:41:24 / IEE302I 14A      ONLINE
08:41:24 / IEE302I 14B      ONLINE
08:41:24 / IEE302I 14C      ONLINE
08:41:30 HHC17540I [AUTOMATE DEBUG] Found challenge, replying with: /r 06,y
08:41:31 /r 06,y
08:41:31 HHC17540I [AUTOMATE DEBUG] Waiting for: IEF166D REPLY Y/N TO EXECUTE/SUPPRESS CO...
08:41:31 HHC17540I [AUTOMATE DEBUG] Response: /r 7,y
08:41:31 / IEE600I REPLY TO 06 IS;Y
08:41:31 / IEF165I // M 14A,VOL=(SL,MVS000),USE=PRIVATE
08:41:31 /*07 IEF166D REPLY Y/N TO EXECUTE/SUPPRESS COMMAND
08:41:31 / $HASP100 MOUNT    ON STCINRDR
08:41:36 HHC17540I [AUTOMATE DEBUG] Found challenge, replying with: /r 07,y
08:41:37 /r 07,y
08:41:37 HHC17540I [AUTOMATE DEBUG] Waiting for: IEF166D REPLY Y/N TO EXECUTE/SUPPRESS CO...
08:41:37 HHC17540I [AUTOMATE DEBUG] Response: /r 8,Y
08:41:37 / IEE600I REPLY TO 07 IS;Y
08:41:37 / IEF165I // M 14B,VOL=(SL,SPOOL1),USE=PRIVATE
08:41:37 /*08 IEF166D REPLY Y/N TO EXECUTE/SUPPRESS COMMAND
08:41:37 / $HASP100 MOUNT    ON STCINRDR
08:41:40 HHC17540I [AUTOMATE DEBUG] Found challenge, replying with: /r 08,Y
08:41:41 /r 08,Y
08:41:41 HHC17540I [AUTOMATE DEBUG] Waiting for: IEF166D REPLY Y/N TO EXECUTE/SUPPRESS CO...
08:41:41 HHC17540I [AUTOMATE DEBUG] Response: /r 9,Y
08:41:41 / IEE600I REPLY TO 08 IS;Y
08:41:41 / IEF165I // M 14C,VOL=(SL,PAGE00),USE=PRIVATE
08:41:41 /*09 IEF166D REPLY Y/N TO EXECUTE/SUPPRESS COMMAND
08:41:41 / $HASP100 MOUNT    ON STCINRDR
08:41:45 HHC17540I [AUTOMATE DEBUG] Found challenge, replying with: /r 09,Y
08:41:46 /r 09,Y
08:41:46 HHC17540I [AUTOMATE DEBUG] Waiting for: / $HASP099 ALL AVAILABLE FUNCTIONS COM...
08:41:46 HHC17540I [AUTOMATE DEBUG] Response: devinit 12 jcl/sysgen01.jcl
08:41:46 / IEE600I REPLY TO 09 IS;Y
08:41:46 / $HASP100 MOUNT    ON STCINRDR
08:41:46 / $HASP373 SYSGEN00 STARTED - INIT  1 - CLASS A - SYS H158
08:41:46 / $HASP373 MOUNT    STARTED
08:41:46 / $HASP395 SYSGEN00 ENDED
08:41:46 / $HASP373 MOUNT    STARTED
08:41:46 / $HASP395 MOUNT    ENDED
08:41:46 / $HASP395 MOUNT    ENDED
08:41:46 / $HASP309    INIT  1 INACTIVE ******** C=A
08:41:46 / $HASP150 SYSGEN00 ON PRINTER1
08:41:46 / $HASP373 MOUNT    STARTED
08:41:46 / $HASP395 MOUNT    ENDED
08:41:46 / $HASP150 MOUNT    ON PRINTER1
08:41:46 / $HASP373 MOUNT    STARTED
08:41:46 / $HASP250 SYSGEN00 IS PURGED
08:41:46 / $HASP395 MOUNT    ENDED
08:41:46 / $HASP150 MOUNT    ON PRINTER1
08:41:46 / $HASP373 SYSGEN00 STARTED - INIT  1 - CLASS A - SYS H158
08:41:46 / $HASP250 MOUNT    IS PURGED
08:41:46 / $HASP150 MOUNT    ON PRINTER1
08:41:46 / $HASP250 MOUNT    IS PURGED
08:41:46 / $HASP150 MOUNT    ON PRINTER1
08:41:46 / $HASP250 MOUNT    IS PURGED
08:41:46 / $HASP160 PRINTER1 INACTIVE - CLASS=AJ
08:41:46 / $HASP250 MOUNT    IS PURGED
08:45:12 / $HASP395 SYSGEN00 ENDED
08:45:12 / $HASP309    INIT  1 INACTIVE ******** C=A
08:45:12 / $HASP150 SYSGEN00 ON PRINTER1
08:45:12 / $HASP160 PRINTER1 INACTIVE - CLASS=AJ
08:45:12 / $HASP250 SYSGEN00 IS PURGED
08:45:12 / $HASP099 ALL AVAILABLE FUNCTIONS COMPLETE
08:45:15 HHC17540I [AUTOMATE DEBUG] Found challenge, replying with: devinit 12 jcl/sysgen01.jcl
08:45:16 HHC01603I devinit 12 jcl/sysgen01.jcl
08:45:16 HHC02245I 0:0012 device initialized
08:45:16 HHC17540I # [2/20] SYSGEN01 - build the specifications for the hardware configuration of the new MVS 3.8j
08:45:16 HHC17540I [AUTOMATE DEBUG] Waiting for: / $HASP099 ALL AVAILABLE FUNCTIONS COM...
08:45:16 HHC17540I [AUTOMATE DEBUG] Response: sh hetget -a tape/stage1.het stage1.output 1;rm jcl/stage2.jcl;./stage2.rexx
08:45:16 / $HASP100 SYSGEN01 ON READER1     ASSEMBLE STAGE 1
08:45:16 / $HASP373 SYSGEN01 STARTED - INIT  1 - CLASS A - SYS H158
08:45:47 / $HASP100 SYSGEN01 ON INTRDR      STAGE2 DECK TO TAPE
08:45:47 / $HASP395 SYSGEN01 ENDED
08:45:47 / $HASP150 SYSGEN01 ON PRINTER1
08:45:47 / $HASP373 SYSGEN01 STARTED - INIT  1 - CLASS A - SYS H158
08:45:47 / IEC705I TAPE ON 170,STAGE1,SL,
08:45:47 / IEC705I 6250 BPI,SYSGEN01,PUNCH
08:45:47 / $HASP160 PRINTER1 INACTIVE - CLASS=AJ
08:45:47 / $HASP250 SYSGEN01 IS PURGED
08:45:47 HHC00201I 0:0170 Tape file tape/stage1.het, type het: tape closed
08:45:47 / IEF234E K 170,STAGE1,PVT,SYSGEN01,PUNCH
08:45:47 / $HASP395 SYSGEN01 ENDED
08:45:47 / $HASP309    INIT  1 INACTIVE ******** C=A
08:45:47 / $HASP150 SYSGEN01 ON PRINTER1
08:45:47 / $HASP160 PRINTER1 INACTIVE - CLASS=AJ
08:45:47 / $HASP250 SYSGEN01 IS PURGED
08:45:47 / $HASP099 ALL AVAILABLE FUNCTIONS COMPLETE
08:45:54 HHC17540I [AUTOMATE DEBUG] Found challenge, replying with: sh hetget -a tape/stage1.het stage1.output 1;rm jcl/stage2.jcl;./stage2.rexx
08:45:55 HHC01603I sh hetget -a tape/stage1.het stage1.output 1;rm jcl/stage2.jcl;./stage2.rexx
08:45:55 HHC02499I Hercules utility hetget - Extract Files from AWS, HET or FAKETAPE - version 4.4.9999.0-SDL-g7bcdc7e6
08:45:55 HHC01414I (C) Copyright 1999-2021 by Roger Bowler, Jan Jaeger, and others
08:45:55 HHC01417I ** The SoftDevLabs version of Hercules **
08:45:55 HHC01415I Build date: Aug  4 2021 at 07:58:16
08:45:55 HHC02754I File Info:  DSN=STAGE1.OUTPUT    
08:45:55 HHC02761I DCB Attributes used:  RECFM=F     LRECL=00080  BLKSIZE=3120
08:45:55 rm: cannot remove 'jcl/stage2.jcl': No such file or directory
08:45:55 HHC17540I [AUTOMATE DEBUG] Waiting for: HHC02761I DCB Attributes used:  RECFM=F     LRECL=00080  BLKSIZE...
08:45:55 HHC17540I [AUTOMATE DEBUG] Response: devinit 12 jcl/stage2.jcl
08:45:59 HHC17540I [AUTOMATE DEBUG] Found challenge, replying with: devinit 12 jcl/stage2.jcl
08:46:00 HHC01603I devinit 12 jcl/stage2.jcl
08:46:00 HHC02245I 0:0012 device initialized
08:46:00 HHC17540I [AUTOMATE DEBUG] Waiting for: / $HASP099 ALL AVAILABLE FUNCTIONS COM...
08:46:00 HHC17540I [AUTOMATE DEBUG] Response: /$a'sysgen1'
08:46:00 / $HASP100 SYSGEN1  ON READER1     SYSTEM GENERATION
08:46:00 / $HASP100 SYSGEN2  ON READER1     SYSTEM GENERATION
08:46:00 / $HASP100 SYSGEN3  ON READER1     SYSTEM GENERATION
08:46:00 / $HASP100 SYSGEN4  ON READER1     SYSTEM GENERATION
08:46:00 / $HASP100 SYSGEN5  ON READER1     SYSTEM GENERATION
08:46:01 / $HASP100 SYSGEN6  ON READER1     SYSTEM GENERATION
08:46:01 / $HASP101 SYSGEN1  HELD
08:46:02 / $HASP101 SYSGEN2  HELD
08:46:02 / $HASP101 SYSGEN3  HELD
08:46:02 / $HASP101 SYSGEN4  HELD
08:46:02 / $HASP101 SYSGEN5  HELD
08:46:02 / $HASP101 SYSGEN6  HELD
08:46:02 / $HASP099 ALL AVAILABLE FUNCTIONS COMPLETE
08:46:10 HHC17540I [AUTOMATE DEBUG] Found challenge, replying with: /$a'sysgen1'
08:46:11 /$a'sysgen1'
08:46:11 HHC17540I # [3/20] SYSGEN1
08:46:11 HHC17540I [AUTOMATE DEBUG] Waiting for: / $HASP099 ALL AVAILABLE FUNCTIONS COM...
08:46:11 HHC17540I [AUTOMATE DEBUG] Response: /$a'sysgen2'
08:46:11 / $HASP000 SYSGEN1  RELEASED
08:46:11 / $HASP373 SYSGEN1  STARTED - INIT  1 - CLASS A - SYS H158
10:36:57 / $HASP395 SYSGEN1  ENDED
10:36:57 / $HASP309    INIT  1 INACTIVE ******** C=A
10:36:57 / $HASP150 SYSGEN1  ON PRINTER1
10:37:00 / $HASP160 PRINTER1 INACTIVE - CLASS=AJ
10:37:00 / $HASP250 SYSGEN1  IS PURGED
10:37:00 / $HASP099 ALL AVAILABLE FUNCTIONS COMPLETE
10:37:01 HHC17540I [AUTOMATE DEBUG] Found challenge, replying with: /$a'sysgen2'
10:37:02 /$a'sysgen2'
10:37:02 HHC17540I # [4/20] SYSGEN2
10:37:02 HHC17540I [AUTOMATE DEBUG] Waiting for: / $HASP099 ALL AVAILABLE FUNCTIONS COM...
10:37:02 HHC17540I [AUTOMATE DEBUG] Response: /$a'sysgen3'
10:37:02 / $HASP000 SYSGEN2  RELEASED
10:37:02 / $HASP373 SYSGEN2  STARTED - INIT  1 - CLASS A - SYS H158
10:40:10 / $HASP395 SYSGEN2  ENDED
10:40:10 / $HASP309    INIT  1 INACTIVE ******** C=A
10:40:10 / $HASP150 SYSGEN2  ON PRINTER1
10:40:13 / $HASP160 PRINTER1 INACTIVE - CLASS=AJ
10:40:13 / $HASP250 SYSGEN2  IS PURGED
10:40:13 / $HASP099 ALL AVAILABLE FUNCTIONS COMPLETE
10:40:14 HHC17540I [AUTOMATE DEBUG] Found challenge, replying with: /$a'sysgen3'
10:40:15 /$a'sysgen3'
10:40:15 HHC17540I # [5/20] SYSGEN3
10:40:15 HHC17540I [AUTOMATE DEBUG] Waiting for: / $HASP099 ALL AVAILABLE FUNCTIONS COM...
10:40:15 HHC17540I [AUTOMATE DEBUG] Response: /$a'sysgen4'
10:40:15 / $HASP000 SYSGEN3  RELEASED
10:40:15 / $HASP373 SYSGEN3  STARTED - INIT  1 - CLASS A - SYS H158
10:40:22 / $HASP395 SYSGEN3  ENDED
10:40:22 / $HASP309    INIT  1 INACTIVE ******** C=A
10:40:22 / $HASP150 SYSGEN3  ON PRINTER1
10:40:22 / $HASP160 PRINTER1 INACTIVE - CLASS=AJ
10:40:22 / $HASP250 SYSGEN3  IS PURGED
10:40:22 / $HASP099 ALL AVAILABLE FUNCTIONS COMPLETE
10:40:25 HHC17540I [AUTOMATE DEBUG] Found challenge, replying with: /$a'sysgen4'
10:40:26 /$a'sysgen4'
10:40:26 HHC17540I # [6/20] SYSGEN4
10:40:26 HHC17540I [AUTOMATE DEBUG] Waiting for: / $HASP099 ALL AVAILABLE FUNCTIONS COM...
10:40:26 HHC17540I [AUTOMATE DEBUG] Response: /$a'sysgen5'
10:40:26 / $HASP000 SYSGEN4  RELEASED
10:40:26 / $HASP373 SYSGEN4  STARTED - INIT  1 - CLASS A - SYS H158
10:41:06 / $HASP395 SYSGEN4  ENDED
10:41:06 / $HASP309    INIT  1 INACTIVE ******** C=A
10:41:06 / $HASP150 SYSGEN4  ON PRINTER1
10:41:10 / $HASP160 PRINTER1 INACTIVE - CLASS=AJ
10:41:10 / $HASP250 SYSGEN4  IS PURGED
10:41:10 / $HASP099 ALL AVAILABLE FUNCTIONS COMPLETE
10:41:11 HHC17540I [AUTOMATE DEBUG] Found challenge, replying with: /$a'sysgen5'
10:41:12 /$a'sysgen5'
10:41:12 HHC17540I # [7/20] SYSGEN5
10:41:12 HHC17540I [AUTOMATE DEBUG] Waiting for: / $HASP099 ALL AVAILABLE FUNCTIONS COM...
10:41:12 HHC17540I [AUTOMATE DEBUG] Response: /$a'sysgen6'
10:41:12 / $HASP000 SYSGEN5  RELEASED
10:41:12 / $HASP373 SYSGEN5  STARTED - INIT  1 - CLASS A - SYS H158
10:41:15 / +IFC001I  D=3350 N=0B F=01070000 L=0107001D S=0107000002 DIP COMPLETE
10:44:53 / $HASP395 SYSGEN5  ENDED
10:44:53 / $HASP309    INIT  1 INACTIVE ******** C=A
10:44:53 / $HASP150 SYSGEN5  ON PRINTER1
10:44:56 / $HASP160 PRINTER1 INACTIVE - CLASS=AJ
10:44:56 / $HASP250 SYSGEN5  IS PURGED
10:44:56 / $HASP099 ALL AVAILABLE FUNCTIONS COMPLETE
10:44:57 HHC17540I [AUTOMATE DEBUG] Found challenge, replying with: /$a'sysgen6'
10:44:58 /$a'sysgen6'
10:44:58 HHC17540I # [8/20] SYSGEN6
10:44:58 HHC17540I [AUTOMATE DEBUG] Waiting for: / $HASP099 ALL AVAILABLE FUNCTIONS COM...
10:44:58 HHC17540I [AUTOMATE DEBUG] Response: devinit 12 jcl/sysgen02.jcl
10:44:58 / $HASP000 SYSGEN6  RELEASED
10:44:58 / $HASP373 SYSGEN6  STARTED - INIT  1 - CLASS A - SYS H158
10:45:11 / $HASP395 SYSGEN6  ENDED
10:45:11 / $HASP309    INIT  1 INACTIVE ******** C=A
10:45:11 / $HASP150 SYSGEN6  ON PRINTER1
10:45:12 / $HASP160 PRINTER1 INACTIVE - CLASS=AJ
10:45:12 / $HASP250 SYSGEN6  IS PURGED
10:45:12 / $HASP099 ALL AVAILABLE FUNCTIONS COMPLETE
10:45:14 HHC17540I [AUTOMATE DEBUG] Found challenge, replying with: devinit 12 jcl/sysgen02.jcl
10:45:15 HHC01603I devinit 12 jcl/sysgen02.jcl
10:45:15 HHC02245I 0:0012 device initialized
10:45:15 HHC17540I # [9/20] SYSGEN02 JES2 Generation
10:45:15 HHC17540I [AUTOMATE DEBUG] Waiting for: / $HASP099 ALL AVAILABLE FUNCTIONS COM...
10:45:15 HHC17540I [AUTOMATE DEBUG] Response: devinit 12 jcl/sysgen03.jcl
10:45:15 / $HASP100 SYSGEN02 ON READER1     LINK JES2
10:45:15 / $HASP373 SYSGEN02 STARTED - INIT  1 - CLASS A - SYS H158
10:45:21 / $HASP395 SYSGEN02 ENDED
10:45:21 / $HASP309    INIT  1 INACTIVE ******** C=A
10:45:21 / $HASP150 SYSGEN02 ON PRINTER1
10:45:21 / $HASP160 PRINTER1 INACTIVE - CLASS=AJ
10:45:21 / $HASP250 SYSGEN02 IS PURGED
10:45:21 / $HASP099 ALL AVAILABLE FUNCTIONS COMPLETE
10:45:24 HHC17540I [AUTOMATE DEBUG] Found challenge, replying with: devinit 12 jcl/sysgen03.jcl
10:45:25 HHC01603I devinit 12 jcl/sysgen03.jcl
10:45:25 HHC02245I 0:0012 device initialized
10:45:25 HHC17540I # [10/20] SYSGEN03 - Completing the Target System
10:45:25 HHC17540I [AUTOMATE DEBUG] Waiting for: M 170,PVTMAC,,SYSGEN03,PVT...
10:45:25 HHC17540I [AUTOMATE DEBUG] Response: devinit 170 tape/apvtmacs.het
10:45:25 / $HASP100 SYSGEN03 ON READER1     LOAD SYS1.APVTMACS
10:45:25 / $HASP373 SYSGEN03 STARTED - INIT  1 - CLASS A - SYS H158
10:45:25 /*IEF233A M 170,PVTMAC,,SYSGEN03,PVTMAC01
10:45:29 HHC17540I [AUTOMATE DEBUG] Found challenge, replying with: devinit 170 tape/apvtmacs.het
10:45:30 HHC01603I devinit 170 tape/apvtmacs.het
10:45:30 HHC00221I 0:0170 Tape file tape/apvtmacs.het, type HET: format type Hercules Emulated Tape file
10:45:30 HHC02245I 0:0170 device initialized
10:45:30 HHC17540I [AUTOMATE DEBUG] Waiting for: / $HASP099 ALL AVAILABLE FUNCTIONS COM...
10:45:30 HHC17540I [AUTOMATE DEBUG] Response: devinit 12 jcl/sysgen04.jcl
10:45:33 / $HASP150 SYSGEN03 ON PRINTER1
10:45:33 HHC00201I 0:0170 Tape file tape/apvtmacs.het, type het: tape closed
10:45:33 / IEF234E K 170,PVTMAC,PVT,SYSGEN03,PVTMAC01
10:45:33 / $HASP395 SYSGEN03 ENDED
10:45:33 / $HASP309    INIT  1 INACTIVE ******** C=A
10:45:41 / $HASP150 SYSGEN03 ON PRINTER1
10:45:41 / $HASP160 PRINTER1 INACTIVE - CLASS=AJ
10:45:41 / $HASP250 SYSGEN03 IS PURGED
10:45:41 / $HASP099 ALL AVAILABLE FUNCTIONS COMPLETE
10:45:43 HHC17540I [AUTOMATE DEBUG] Found challenge, replying with: devinit 12 jcl/sysgen04.jcl
10:45:44 HHC01603I devinit 12 jcl/sysgen04.jcl
10:45:44 HHC02245I 0:0012 device initialized
10:45:44 HHC17540I # [11/20] SYSGEN04 - Doing stuff see http://www.jaymoseley.com/hercules/installMVS/iSYSGENv7.htm for details
10:45:44 HHC17540I [AUTOMATE DEBUG] Waiting for: IEC507D REPLY 'U'-USE OR 'M'-U...
10:45:44 HHC17540I [AUTOMATE DEBUG] Response: /r 10,U
10:45:44 / $HASP100 SYSGEN04 ON READER1     ADD PARMS/PROCS/PGMS
10:45:44 / $HASP373 SYSGEN04 STARTED - INIT  1 - CLASS A - SYS H158
12:46:40 /*IEC507D E 150,START1,SYSGEN04,
12:46:40 / IEC507D UPDATE08,SYS1.PROCLIB
12:46:40 /*10 IEC507D REPLY 'U'-USE OR 'M'-UNLOAD
12:46:42 HHC17540I [AUTOMATE DEBUG] Found challenge, replying with: /r 10,U
12:46:43 /r 10,U
12:46:43 HHC17540I [AUTOMATE DEBUG] Waiting for: / $HASP099 ALL AVAILABLE FUNCTIONS COM...
12:46:43 HHC17540I [AUTOMATE DEBUG] Response: devinit 12 jcl/sysgen05.jcl
12:46:43 / IEE600I REPLY TO 10 IS;U
12:46:43 / $HASP100 SYSGEN04 ON INTRDR
12:46:50 / $HASP395 SYSGEN04 ENDED
12:46:50 / $HASP150 SYSGEN04 ON PRINTER1
12:46:50 / $HASP373 SYSGEN04 STARTED - INIT  1 - CLASS A - SYS H158
12:46:51 / $HASP160 PRINTER1 INACTIVE - CLASS=AJ
12:46:51 / $HASP250 SYSGEN04 IS PURGED
12:49:51 / $HASP395 SYSGEN04 ENDED
12:49:51 / $HASP309    INIT  1 INACTIVE ******** C=A
12:49:51 / $HASP150 SYSGEN04 ON PRINTER1
12:49:51 / $HASP160 PRINTER1 INACTIVE - CLASS=AJ
12:49:51 / $HASP250 SYSGEN04 IS PURGED
12:49:51 / $HASP099 ALL AVAILABLE FUNCTIONS COMPLETE
12:49:53 HHC17540I [AUTOMATE DEBUG] Found challenge, replying with: devinit 12 jcl/sysgen05.jcl
12:49:54 HHC01603I devinit 12 jcl/sysgen05.jcl
12:49:54 HHC02245I 0:0012 device initialized
12:49:54 HHC17540I # [12/20] SYSGEN05 - More stuff
12:49:54 HHC17540I [AUTOMATE DEBUG] Waiting for: / $HASP099 ALL AVAILABLE FUNCTIONS COM...
12:49:54 HHC17540I [AUTOMATE DEBUG] Response: devinit 12 jcl/sysgen06.jcl
12:49:54 / $HASP100 SYSGEN05 ON READER1     SETUP VTAM/TSO
12:49:54 / $HASP373 SYSGEN05 STARTED - INIT  1 - CLASS A - SYS H158
12:50:05 / $HASP395 SYSGEN05 ENDED
12:50:05 / $HASP309    INIT  1 INACTIVE ******** C=A
12:50:05 / $HASP150 SYSGEN05 ON PRINTER1
12:50:07 / $HASP160 PRINTER1 INACTIVE - CLASS=AJ
12:50:07 / $HASP250 SYSGEN05 IS PURGED
12:50:07 / $HASP099 ALL AVAILABLE FUNCTIONS COMPLETE
12:50:08 HHC17540I [AUTOMATE DEBUG] Found challenge, replying with: devinit 12 jcl/sysgen06.jcl
12:50:09 HHC01603I devinit 12 jcl/sysgen06.jcl
12:50:09 HHC02245I 0:0012 device initialized
12:50:09 HHC17540I # [13/20] SYSGEN06 applies required PTFs
12:50:09 HHC17540I [AUTOMATE DEBUG] Waiting for: / $HASP099 ALL AVAILABLE FUNCTIONS COM...
12:50:09 HHC17540I [AUTOMATE DEBUG] Response: devinit 12 jcl/usermods1.jcl
12:50:09 / $HASP100 SYSGEN06 ON READER1     APPLY NEEDED PTFS
12:50:09 / $HASP373 SYSGEN06 STARTED - INIT  1 - CLASS A - SYS H158
12:59:03 / $HASP395 SYSGEN06 ENDED
12:59:03 / $HASP309    INIT  1 INACTIVE ******** C=A
12:59:03 / $HASP150 SYSGEN06 ON PRINTER1
12:59:06 / $HASP160 PRINTER1 INACTIVE - CLASS=AJ
12:59:06 / $HASP250 SYSGEN06 IS PURGED
12:59:06 / $HASP099 ALL AVAILABLE FUNCTIONS COMPLETE
12:59:07 HHC17540I [AUTOMATE DEBUG] Found challenge, replying with: devinit 12 jcl/usermods1.jcl
12:59:08 HHC01603I devinit 12 jcl/usermods1.jcl
12:59:08 HHC02245I 0:0012 device initialized
12:59:08 HHC17540I # User Modifications - 6 jobs to install 53 usermods selected by Jay Moseley
12:59:08 HHC17540I # [14/20] usermods1 - AY12275, JLM0001, JLM0002, JLM0003, JLM0004, SLB0002, SYZM001, TIST801, TJES801
12:59:08 HHC17540I [AUTOMATE DEBUG] Waiting for: / $HASP099 ALL AVAILABLE FUNCTIONS COM...
12:59:08 HHC17540I [AUTOMATE DEBUG] Response: devinit 12 jcl/usermods2.jcl
12:59:08 / $HASP125 READER1  SKIPPING FOR JOB CARD
12:59:08 / $HASP100 AY12275  ON READER1     J01 M01: AY12275
12:59:08 / $HASP100 JLM0001  ON READER1     J02 M02: JLM0001
12:59:08 / $HASP100 JLM0002  ON READER1     J03 M03: JLM0002
12:59:08 / $HASP100 JLM0003  ON READER1     J04 M04: JLM0003
12:59:08 / $HASP100 JLM0004  ON READER1     J05 M05: JLM0004
12:59:08 / $HASP100 SLB0002  ON READER1     J06 M06: SLB0002
12:59:08 / $HASP100 SYZM001  ON READER1     J07 M07: SYZM001
12:59:08 / $HASP100 TIST801  ON READER1     J08 M08: TIST801
12:59:08 / $HASP100 TJES801  ON READER1     J09 M09: TJES801
12:59:08 / $HASP373 AY12275  STARTED - INIT  1 - CLASS A - SYS H158
12:59:55 / $HASP395 AY12275  ENDED
12:59:55 / $HASP150 AY12275  ON PRINTER1
12:59:55 / $HASP373 JLM0001  STARTED - INIT  1 - CLASS A - SYS H158
12:59:55 / $HASP160 PRINTER1 INACTIVE - CLASS=AJ
12:59:55 / $HASP250 AY12275  IS PURGED
13:00:32 / $HASP395 JLM0001  ENDED
13:00:32 / $HASP150 JLM0001  ON PRINTER1
13:00:32 / $HASP373 JLM0002  STARTED - INIT  1 - CLASS A - SYS H158
13:00:33 / $HASP160 PRINTER1 INACTIVE - CLASS=AJ
13:00:33 / $HASP250 JLM0001  IS PURGED
13:01:08 / $HASP395 JLM0002  ENDED
13:01:08 / $HASP150 JLM0002  ON PRINTER1
13:01:08 / $HASP373 JLM0003  STARTED - INIT  1 - CLASS A - SYS H158
13:01:08 / $HASP160 PRINTER1 INACTIVE - CLASS=AJ
13:01:08 / $HASP250 JLM0002  IS PURGED
13:01:43 / $HASP395 JLM0003  ENDED
13:01:43 / $HASP150 JLM0003  ON PRINTER1
13:01:43 / $HASP373 JLM0004  STARTED - INIT  1 - CLASS A - SYS H158
13:01:43 / $HASP160 PRINTER1 INACTIVE - CLASS=AJ
13:01:43 / $HASP250 JLM0003  IS PURGED
13:02:19 / $HASP395 JLM0004  ENDED
13:02:19 / $HASP150 JLM0004  ON PRINTER1
13:02:19 / $HASP373 SLB0002  STARTED - INIT  1 - CLASS A - SYS H158
13:02:19 / $HASP160 PRINTER1 INACTIVE - CLASS=AJ
13:02:19 / $HASP250 JLM0004  IS PURGED
13:03:04 / $HASP395 SLB0002  ENDED
13:03:04 / $HASP150 SLB0002  ON PRINTER1
13:03:04 / $HASP373 SYZM001  STARTED - INIT  1 - CLASS A - SYS H158
13:03:04 / $HASP160 PRINTER1 INACTIVE - CLASS=AJ
13:03:04 / $HASP250 SLB0002  IS PURGED
13:03:48 / $HASP395 SYZM001  ENDED
13:03:48 / $HASP150 SYZM001  ON PRINTER1
13:03:48 / $HASP373 TIST801  STARTED - INIT  1 - CLASS A - SYS H158
13:03:48 / $HASP160 PRINTER1 INACTIVE - CLASS=AJ
13:03:49 / $HASP250 SYZM001  IS PURGED
13:04:33 / $HASP395 TIST801  ENDED
13:04:33 / $HASP150 TIST801  ON PRINTER1
13:04:33 / $HASP373 TJES801  STARTED - INIT  1 - CLASS A - SYS H158
13:04:33 / $HASP160 PRINTER1 INACTIVE - CLASS=AJ
13:04:33 / $HASP250 TIST801  IS PURGED
13:04:59 HHC02273I Index   1: sh touch failure
13:04:59 HHC02273I Index   2: script conf/sysgen.script
13:04:59 HHC02273I Index   3: devinit 12 jcl/sysgen00.jcl
13:04:59 HHC02273I Index   4: devinit 12 jcl/sysgen01.jcl
13:04:59 HHC02273I Index   5: sh hetget -a tape/stage1.het stage1.output 1;rm jcl/stage2.jcl;./stage2.rexx
13:04:59 HHC02273I Index   6: devinit 12 jcl/stage2.jcl
13:04:59 HHC02273I Index   7: devinit 12 jcl/sysgen02.jcl
13:04:59 HHC02273I Index   8: devinit 12 jcl/sysgen03.jcl
13:04:59 HHC02273I Index   9: devinit 170 tape/apvtmacs.het
13:04:59 HHC02273I Index  10: devinit 12 jcl/sysgen04.jcl
13:04:59 HHC02273I Index  11: devinit 12 jcl/sysgen05.jcl
13:04:59 HHC02273I Index  12: devinit 12 jcl/sysgen06.jcl
13:04:59 HHC02273I Index  13: devinit 12 jcl/usermods1.jcl
13:08:37 / $HASP395 TJES801  ENDED
13:08:37 / $HASP309    INIT  1 INACTIVE ******** C=A
13:08:37 / $HASP150 TJES801  ON PRINTER1
13:08:48 / $HASP160 PRINTER1 INACTIVE - CLASS=AJ
13:08:48 / $HASP250 TJES801  IS PURGED
13:08:48 / $HASP099 ALL AVAILABLE FUNCTIONS COMPLETE
13:08:49 HHC17540I [AUTOMATE DEBUG] Found challenge, replying with: devinit 12 jcl/usermods2.jcl
13:08:50 HHC01603I devinit 12 jcl/usermods2.jcl
13:08:50 HHC02245I 0:0012 device initialized
13:08:50 HHC17540I # [15/20] usermods2 - TMVS804, TMVS816, TTSO801, VS49603, WM00017, ZP60001, ZP60002, ZP60003, ZP60004
13:08:50 HHC17540I [AUTOMATE DEBUG] Waiting for: / $HASP099 ALL AVAILABLE FUNCTIONS COM...
13:08:50 HHC17540I [AUTOMATE DEBUG] Response: devinit 12 jcl/usermods3.jcl
13:08:50 / $HASP125 READER1  SKIPPING FOR JOB CARD
13:08:50 / $HASP100 TMVS804  ON READER1     J01 M10: TMVS804
13:08:50 / $HASP100 TMVS816  ON READER1     J02 M11/12: TMVS816
13:08:51 / $HASP100 TTSO801  ON READER1     J03 M13: TTSO801
13:08:51 / $HASP100 VS49603  ON READER1     J04 M14: VS49603
13:08:51 / $HASP100 WM00017  ON READER1     J05 M15: WM00017
13:08:51 / $HASP100 ZP60001  ON READER1     J06 M16: ZP60001
13:08:51 / $HASP100 ZP60002  ON READER1     J07 M17: ZP60002
13:08:51 / $HASP100 ZP60003  ON READER1     J08 M18: ZP60003
13:08:51 / $HASP100 ZP60004  ON READER1     J09 M19: ZP60004
13:08:51 / $HASP373 TMVS804  STARTED - INIT  1 - CLASS A - SYS H158
13:09:36 / $HASP395 TMVS804  ENDED
13:09:37 / $HASP150 TMVS804  ON PRINTER1
13:09:37 / $HASP373 TMVS816  STARTED - INIT  1 - CLASS A - SYS H158
13:09:37 / $HASP160 PRINTER1 INACTIVE - CLASS=AJ
13:09:37 / $HASP250 TMVS804  IS PURGED
13:10:59 / $HASP395 TMVS816  ENDED
13:10:59 / $HASP150 TMVS816  ON PRINTER1
13:10:59 / $HASP373 TTSO801  STARTED - INIT  1 - CLASS A - SYS H158
13:11:01 / $HASP160 PRINTER1 INACTIVE - CLASS=AJ
13:11:01 / $HASP250 TMVS816  IS PURGED
13:11:45 / $HASP395 TTSO801  ENDED
13:11:45 / $HASP150 TTSO801  ON PRINTER1
13:11:45 / $HASP373 VS49603  STARTED - INIT  1 - CLASS A - SYS H158
13:11:45 / $HASP160 PRINTER1 INACTIVE - CLASS=AJ
13:11:45 / $HASP250 TTSO801  IS PURGED
13:12:30 / $HASP395 VS49603  ENDED
13:12:30 / $HASP150 VS49603  ON PRINTER1
13:12:30 / $HASP373 WM00017  STARTED - INIT  1 - CLASS A - SYS H158
13:12:30 / $HASP160 PRINTER1 INACTIVE - CLASS=AJ
13:12:30 / $HASP250 VS49603  IS PURGED
13:13:27 / $HASP395 WM00017  ENDED
13:13:27 / $HASP150 WM00017  ON PRINTER1
13:13:27 / $HASP373 ZP60001  STARTED - INIT  1 - CLASS A - SYS H158
13:13:30 / $HASP160 PRINTER1 INACTIVE - CLASS=AJ
13:13:30 / $HASP250 WM00017  IS PURGED
13:14:11 / $HASP395 ZP60001  ENDED
13:14:11 / $HASP150 ZP60001  ON PRINTER1
13:14:11 / $HASP373 ZP60002  STARTED - INIT  1 - CLASS A - SYS H158
13:14:12 / $HASP160 PRINTER1 INACTIVE - CLASS=AJ
13:14:12 / $HASP250 ZP60001  IS PURGED
13:14:55 / $HASP395 ZP60002  ENDED
13:14:56 / $HASP150 ZP60002  ON PRINTER1
13:14:56 / $HASP373 ZP60003  STARTED - INIT  1 - CLASS A - SYS H158
13:14:56 / $HASP160 PRINTER1 INACTIVE - CLASS=AJ
13:14:56 / $HASP250 ZP60002  IS PURGED
13:15:39 / $HASP395 ZP60003  ENDED
13:15:39 / $HASP150 ZP60003  ON PRINTER1
13:15:39 / $HASP373 ZP60004  STARTED - INIT  1 - CLASS A - SYS H158
13:15:40 / $HASP160 PRINTER1 INACTIVE - CLASS=AJ
13:15:40 / $HASP250 ZP60003  IS PURGED
13:17:44 HHC02273I Index   1: sh touch failure
13:17:44 HHC02273I Index   2: script conf/sysgen.script
13:17:44 HHC02273I Index   3: devinit 12 jcl/sysgen00.jcl
13:17:44 HHC02273I Index   4: devinit 12 jcl/sysgen01.jcl
13:17:44 HHC02273I Index   5: sh hetget -a tape/stage1.het stage1.output 1;rm jcl/stage2.jcl;./stage2.rexx
13:17:44 HHC02273I Index   6: devinit 12 jcl/stage2.jcl
13:17:44 HHC02273I Index   7: devinit 12 jcl/sysgen02.jcl
13:17:44 HHC02273I Index   8: devinit 12 jcl/sysgen03.jcl
13:17:44 HHC02273I Index   9: devinit 170 tape/apvtmacs.het
13:17:44 HHC02273I Index  10: devinit 12 jcl/sysgen04.jcl
13:17:44 HHC02273I Index  11: devinit 12 jcl/sysgen05.jcl
13:17:44 HHC02273I Index  12: devinit 12 jcl/sysgen06.jcl
13:17:44 HHC02273I Index  13: devinit 12 jcl/usermods1.jcl
13:17:44 HHC02273I Index  14: devinit 12 jcl/usermods2.jcl
13:17:44 HHC02273I Index   1: sh touch failure
13:17:44 HHC02273I Index   2: script conf/sysgen.script
13:17:44 HHC02273I Index   3: devinit 12 jcl/sysgen00.jcl
13:17:44 HHC02273I Index   4: devinit 12 jcl/sysgen01.jcl
13:17:44 HHC02273I Index   5: sh hetget -a tape/stage1.het stage1.output 1;rm jcl/stage2.jcl;./stage2.rexx
13:17:44 HHC02273I Index   6: devinit 12 jcl/stage2.jcl
13:17:44 HHC02273I Index   7: devinit 12 jcl/sysgen02.jcl
13:17:44 HHC02273I Index   8: devinit 12 jcl/sysgen03.jcl
13:17:44 HHC02273I Index   9: devinit 170 tape/apvtmacs.het
13:17:44 HHC02273I Index  10: devinit 12 jcl/sysgen04.jcl
13:17:44 HHC02273I Index  11: devinit 12 jcl/sysgen05.jcl
13:17:44 HHC02273I Index  12: devinit 12 jcl/sysgen06.jcl
13:17:44 HHC02273I Index  13: devinit 12 jcl/usermods1.jcl
13:17:44 HHC02273I Index  14: devinit 12 jcl/usermods2.jcl
13:17:44 HHC02273I Index   1: sh touch failure
13:17:44 HHC02273I Index   2: script conf/sysgen.script
13:17:44 HHC02273I Index   3: devinit 12 jcl/sysgen00.jcl
13:17:44 HHC02273I Index   4: devinit 12 jcl/sysgen01.jcl
13:17:44 HHC02273I Index   5: sh hetget -a tape/stage1.het stage1.output 1;rm jcl/stage2.jcl;./stage2.rexx
13:17:44 HHC02273I Index   6: devinit 12 jcl/stage2.jcl
13:17:44 HHC02273I Index   7: devinit 12 jcl/sysgen02.jcl
13:17:44 HHC02273I Index   8: devinit 12 jcl/sysgen03.jcl
13:17:44 HHC02273I Index   9: devinit 170 tape/apvtmacs.het
13:17:44 HHC02273I Index  10: devinit 12 jcl/sysgen04.jcl
13:17:44 HHC02273I Index  11: devinit 12 jcl/sysgen05.jcl
13:17:44 HHC02273I Index  12: devinit 12 jcl/sysgen06.jcl
13:17:44 HHC02273I Index  13: devinit 12 jcl/usermods1.jcl
13:17:44 HHC02273I Index  14: devinit 12 jcl/usermods2.jcl
13:17:54 / $HASP395 ZP60004  ENDED
13:17:54 / $HASP309    INIT  1 INACTIVE ******** C=A
13:17:54 / $HASP150 ZP60004  ON PRINTER1
13:17:56 / $HASP160 PRINTER1 INACTIVE - CLASS=AJ
13:17:56 / $HASP250 ZP60004  IS PURGED
13:17:56 / $HASP099 ALL AVAILABLE FUNCTIONS COMPLETE
13:18:07 HHC17540I [AUTOMATE DEBUG] Found challenge, replying with: devinit 12 jcl/usermods3.jcl
13:18:08 HHC01603I devinit 12 jcl/usermods3.jcl
13:18:08 HHC02245I 0:0012 device initialized
13:18:08 HHC17540I # [16/20] usermods3 - ZP60005, ZP60006, ZP60007, ZP60008, ZP60009, ZP60011, ZP60012, ZP60013, ZP60014
13:18:08 HHC17540I [AUTOMATE DEBUG] Waiting for: / $HASP099 ALL AVAILABLE FUNCTIONS COM...
13:18:08 HHC17540I [AUTOMATE DEBUG] Response: devinit 12 jcl/usermods4.jcl
13:18:08 / $HASP125 READER1  SKIPPING FOR JOB CARD
13:18:08 / $HASP100 ZP60005  ON READER1     J01 M20: ZP60005
13:18:08 / $HASP100 ZP60006  ON READER1     J02 M21: ZP60006
13:18:08 / $HASP100 ZP60007  ON READER1     J03 M22: ZP60007
13:18:09 / $HASP100 ZP60008  ON READER1     J04 M23: ZP60008
13:18:09 / $HASP100 ZP60009  ON READER1     J05 M24: ZP60009
13:18:09 / $HASP100 ZP60011  ON READER1     J06 M25: ZP60011
13:18:09 / $HASP100 ZP60012  ON READER1     J07 M26: ZP60012
13:18:09 / $HASP373 ZP60005  STARTED - INIT  1 - CLASS A - SYS H158
13:18:09 / $HASP100 ZP60013  ON READER1     J08 M27: ZP60013
13:18:09 / $HASP100 ZP60014  ON READER1     J09 M28: ZP60014
13:18:55 / $HASP395 ZP60005  ENDED
13:18:55 / $HASP150 ZP60005  ON PRINTER1
13:18:55 / $HASP373 ZP60006  STARTED - INIT  1 - CLASS A - SYS H158
13:18:56 / $HASP160 PRINTER1 INACTIVE - CLASS=AJ
13:18:56 / $HASP250 ZP60005  IS PURGED
13:19:44 / $HASP395 ZP60006  ENDED
13:19:44 / $HASP150 ZP60006  ON PRINTER1
13:19:44 / $HASP373 ZP60007  STARTED - INIT  1 - CLASS A - SYS H158
13:19:45 / $HASP160 PRINTER1 INACTIVE - CLASS=AJ
13:19:45 / $HASP250 ZP60006  IS PURGED
13:20:33 / $HASP395 ZP60007  ENDED
13:20:33 / $HASP150 ZP60007  ON PRINTER1
13:20:33 / $HASP373 ZP60008  STARTED - INIT  1 - CLASS A - SYS H158
13:20:34 / $HASP160 PRINTER1 INACTIVE - CLASS=AJ
13:20:34 / $HASP250 ZP60007  IS PURGED
13:21:19 / $HASP395 ZP60008  ENDED
13:21:19 / $HASP150 ZP60008  ON PRINTER1
13:21:20 / $HASP373 ZP60009  STARTED - INIT  1 - CLASS A - SYS H158
13:21:20 / $HASP160 PRINTER1 INACTIVE - CLASS=AJ
13:21:20 / $HASP250 ZP60008  IS PURGED
13:22:22 / $HASP395 ZP60009  ENDED
13:22:22 / $HASP150 ZP60009  ON PRINTER1
13:22:22 / $HASP373 ZP60011  STARTED - INIT  1 - CLASS A - SYS H158
13:22:23 / $HASP160 PRINTER1 INACTIVE - CLASS=AJ
13:22:24 / $HASP250 ZP60009  IS PURGED
13:23:10 / $HASP395 ZP60011  ENDED
13:23:10 / $HASP150 ZP60011  ON PRINTER1
13:23:10 / $HASP373 ZP60012  STARTED - INIT  1 - CLASS A - SYS H158
13:23:11 / $HASP160 PRINTER1 INACTIVE - CLASS=AJ
13:23:11 / $HASP250 ZP60011  IS PURGED
13:23:55 / $HASP395 ZP60012  ENDED
13:23:55 / $HASP150 ZP60012  ON PRINTER1
13:23:55 / $HASP373 ZP60013  STARTED - INIT  1 - CLASS A - SYS H158
13:23:56 / $HASP160 PRINTER1 INACTIVE - CLASS=AJ
13:23:56 / $HASP250 ZP60012  IS PURGED
13:24:51 / $HASP395 ZP60013  ENDED
13:24:51 / $HASP150 ZP60013  ON PRINTER1
13:24:51 / $HASP373 ZP60014  STARTED - INIT  1 - CLASS A - SYS H158
13:24:52 / $HASP160 PRINTER1 INACTIVE - CLASS=AJ
13:24:52 / $HASP250 ZP60013  IS PURGED
13:26:17 HHC02273I Index   1: sh touch failure
13:26:17 HHC02273I Index   2: script conf/sysgen.script
13:26:17 HHC02273I Index   3: devinit 12 jcl/sysgen00.jcl
13:26:17 HHC02273I Index   4: devinit 12 jcl/sysgen01.jcl
13:26:17 HHC02273I Index   5: sh hetget -a tape/stage1.het stage1.output 1;rm jcl/stage2.jcl;./stage2.rexx
13:26:17 HHC02273I Index   6: devinit 12 jcl/stage2.jcl
13:26:17 HHC02273I Index   7: devinit 12 jcl/sysgen02.jcl
13:26:17 HHC02273I Index   8: devinit 12 jcl/sysgen03.jcl
13:26:17 HHC02273I Index   9: devinit 170 tape/apvtmacs.het
13:26:17 HHC02273I Index  10: devinit 12 jcl/sysgen04.jcl
13:26:17 HHC02273I Index  11: devinit 12 jcl/sysgen05.jcl
13:26:17 HHC02273I Index  12: devinit 12 jcl/sysgen06.jcl
13:26:17 HHC02273I Index  13: devinit 12 jcl/usermods1.jcl
13:26:17 HHC02273I Index  14: devinit 12 jcl/usermods2.jcl
13:26:17 HHC02273I Index  15: devinit 12 jcl/usermods3.jcl
13:27:51 / $HASP395 ZP60014  ENDED
13:27:51 / $HASP309    INIT  1 INACTIVE ******** C=A
13:27:51 / $HASP150 ZP60014  ON PRINTER1
13:27:55 / $HASP160 PRINTER1 INACTIVE - CLASS=AJ
13:27:55 / $HASP250 ZP60014  IS PURGED
13:27:55 / $HASP099 ALL AVAILABLE FUNCTIONS COMPLETE
13:27:57 HHC17540I [AUTOMATE DEBUG] Found challenge, replying with: devinit 12 jcl/usermods4.jcl
13:27:58 HHC01603I devinit 12 jcl/usermods4.jcl
13:27:58 HHC02245I 0:0012 device initialized
13:27:58 HHC17540I # [17/20] usermods4 - ZP60015, ZP60016, ZP60017, ZP60018, ZP60019, ZP60020, ZP60021, ZP60022, ZP60026
13:27:58 HHC17540I [AUTOMATE DEBUG] Waiting for: / $HASP099 ALL AVAILABLE FUNCTIONS COM...
13:27:58 HHC17540I [AUTOMATE DEBUG] Response: devinit 12 jcl/usermods5.jcl
13:27:58 / $HASP125 READER1  SKIPPING FOR JOB CARD
13:27:58 / $HASP100 ZP60015  ON READER1     J01 M29: ZP60015
13:27:58 / $HASP100 ZP60016  ON READER1     J02 M30: ZP60016
13:27:58 / $HASP100 ZP60017  ON READER1     J03 M31: ZP60017
13:27:58 / $HASP100 ZP60018  ON READER1     J04 M32: ZP60018
13:27:58 / $HASP100 ZP60019  ON READER1     J05 M33: ZP60019
13:27:58 / $HASP100 ZP60020  ON READER1     J06 M34: ZP60020
13:27:58 / $HASP100 ZP60021  ON READER1     J07 M35: ZP60021
13:27:58 / $HASP100 ZP60022  ON READER1     J08 M36: ZP60022
13:27:58 / $HASP100 ZP60026  ON READER1     J09 M37: ZP60026
13:27:59 / $HASP373 ZP60015  STARTED - INIT  1 - CLASS A - SYS H158
13:28:34 / $HASP395 ZP60015  ENDED
13:28:34 / $HASP150 ZP60015  ON PRINTER1
13:28:34 / $HASP373 ZP60016  STARTED - INIT  1 - CLASS A - SYS H158
13:28:36 / $HASP160 PRINTER1 INACTIVE - CLASS=AJ
13:28:36 / $HASP250 ZP60015  IS PURGED
13:29:19 / $HASP395 ZP60016  ENDED
13:29:19 / $HASP150 ZP60016  ON PRINTER1
13:29:19 / $HASP373 ZP60017  STARTED - INIT  1 - CLASS A - SYS H158
13:29:19 / $HASP160 PRINTER1 INACTIVE - CLASS=AJ
13:29:19 / $HASP250 ZP60016  IS PURGED
13:30:03 / $HASP395 ZP60017  ENDED
13:30:03 / $HASP150 ZP60017  ON PRINTER1
13:30:03 / $HASP373 ZP60018  STARTED - INIT  1 - CLASS A - SYS H158
13:30:03 / $HASP160 PRINTER1 INACTIVE - CLASS=AJ
13:30:03 / $HASP250 ZP60017  IS PURGED
13:30:49 / $HASP395 ZP60018  ENDED
13:30:49 / $HASP150 ZP60018  ON PRINTER1
13:30:49 / $HASP373 ZP60019  STARTED - INIT  1 - CLASS A - SYS H158
13:30:49 / $HASP160 PRINTER1 INACTIVE - CLASS=AJ
13:30:49 / $HASP250 ZP60018  IS PURGED
13:31:33 / $HASP395 ZP60019  ENDED
13:31:33 / $HASP150 ZP60019  ON PRINTER1
13:31:34 / $HASP373 ZP60020  STARTED - INIT  1 - CLASS A - SYS H158
13:31:34 / $HASP160 PRINTER1 INACTIVE - CLASS=AJ
13:31:34 / $HASP250 ZP60019  IS PURGED
13:32:19 / $HASP395 ZP60020  ENDED
13:32:19 / $HASP150 ZP60020  ON PRINTER1
13:32:19 / $HASP373 ZP60021  STARTED - INIT  1 - CLASS A - SYS H158
13:32:19 / $HASP160 PRINTER1 INACTIVE - CLASS=AJ
13:32:19 / $HASP250 ZP60020  IS PURGED
13:33:03 / $HASP395 ZP60021  ENDED
13:33:03 / $HASP150 ZP60021  ON PRINTER1
13:33:03 / $HASP373 ZP60022  STARTED - INIT  1 - CLASS A - SYS H158
13:33:03 / $HASP160 PRINTER1 INACTIVE - CLASS=AJ
13:33:03 / $HASP250 ZP60021  IS PURGED
13:33:47 / $HASP395 ZP60022  ENDED
13:33:47 / $HASP150 ZP60022  ON PRINTER1
13:33:47 / $HASP373 ZP60026  STARTED - INIT  1 - CLASS A - SYS H158
13:33:47 / $HASP160 PRINTER1 INACTIVE - CLASS=AJ
13:33:47 / $HASP250 ZP60022  IS PURGED
13:33:56 HHC02273I Index   1: sh touch failure
13:33:56 HHC02273I Index   2: script conf/sysgen.script
13:33:56 HHC02273I Index   3: devinit 12 jcl/sysgen00.jcl
13:33:56 HHC02273I Index   4: devinit 12 jcl/sysgen01.jcl
13:33:56 HHC02273I Index   5: sh hetget -a tape/stage1.het stage1.output 1;rm jcl/stage2.jcl;./stage2.rexx
13:33:56 HHC02273I Index   6: devinit 12 jcl/stage2.jcl
13:33:56 HHC02273I Index   7: devinit 12 jcl/sysgen02.jcl
13:33:56 HHC02273I Index   8: devinit 12 jcl/sysgen03.jcl
13:33:56 HHC02273I Index   9: devinit 170 tape/apvtmacs.het
13:33:56 HHC02273I Index  10: devinit 12 jcl/sysgen04.jcl
13:33:56 HHC02273I Index  11: devinit 12 jcl/sysgen05.jcl
13:33:56 HHC02273I Index  12: devinit 12 jcl/sysgen06.jcl
13:33:56 HHC02273I Index  13: devinit 12 jcl/usermods1.jcl
13:33:56 HHC02273I Index  14: devinit 12 jcl/usermods2.jcl
13:33:56 HHC02273I Index  15: devinit 12 jcl/usermods3.jcl
13:33:56 HHC02273I Index  16: devinit 12 jcl/usermods4.jcl
13:35:33 / $HASP395 ZP60026  ENDED
13:35:33 / $HASP309    INIT  1 INACTIVE ******** C=A
13:35:33 / $HASP150 ZP60026  ON PRINTER1
13:35:37 / $HASP160 PRINTER1 INACTIVE - CLASS=AJ
13:35:37 / $HASP250 ZP60026  IS PURGED
13:35:37 / $HASP099 ALL AVAILABLE FUNCTIONS COMPLETE
13:35:38 HHC17540I [AUTOMATE DEBUG] Found challenge, replying with: devinit 12 jcl/usermods5.jcl
13:35:39 HHC01603I devinit 12 jcl/usermods5.jcl
13:35:39 HHC02245I 0:0012 device initialized
13:35:39 HHC17540I # [18/20] usermods5 - ZP60027, ZP60028, ZP60029, ZP60030, ZP60031, ZP60032, ZP60033, ZP60034, ZP60035
13:35:39 HHC17540I [AUTOMATE DEBUG] Waiting for: / $HASP099 ALL AVAILABLE FUNCTIONS COM...
13:35:39 HHC17540I [AUTOMATE DEBUG] Response: devinit 12 jcl/usermods6.jcl
13:35:39 / $HASP125 READER1  SKIPPING FOR JOB CARD
13:35:39 / $HASP100 ZP60027  ON READER1     J01 M38: ZP60027
13:35:39 / $HASP100 ZP60028  ON READER1     J02 M39: ZP60028
13:35:39 / $HASP100 ZP60029  ON READER1     J03 M40: ZP60029
13:35:40 / $HASP100 ZP60030  ON READER1     J04 M41: ZP60030
13:35:40 / $HASP100 ZP60031  ON READER1     J05 M42: ZP60031
13:35:40 / $HASP100 ZP60032  ON READER1     J06 M43: ZP60032
13:35:40 / $HASP100 ZP60033  ON READER1     J07 M44: ZP60033
13:35:40 / $HASP100 ZP60034  ON READER1     J08 M45: ZP60034
13:35:40 / $HASP100 ZP60035  ON READER1     J09 M46: ZP60035
13:35:40 / $HASP373 ZP60027  STARTED - INIT  1 - CLASS A - SYS H158
13:36:25 / $HASP395 ZP60027  ENDED
13:36:25 / $HASP150 ZP60027  ON PRINTER1
13:36:25 / $HASP373 ZP60028  STARTED - INIT  1 - CLASS A - SYS H158
13:36:25 / $HASP160 PRINTER1 INACTIVE - CLASS=AJ
13:36:25 / $HASP250 ZP60027  IS PURGED
13:37:12 / $HASP395 ZP60028  ENDED
13:37:12 / $HASP150 ZP60028  ON PRINTER1
13:37:12 / $HASP373 ZP60029  STARTED - INIT  1 - CLASS A - SYS H158
13:37:13 / $HASP160 PRINTER1 INACTIVE - CLASS=AJ
13:37:13 / $HASP250 ZP60028  IS PURGED
13:37:57 / $HASP395 ZP60029  ENDED
13:37:57 / $HASP150 ZP60029  ON PRINTER1
13:37:57 / $HASP373 ZP60030  STARTED - INIT  1 - CLASS A - SYS H158
13:37:57 / IEE043I A SYSTEM LOG DATA SET HAS BEEN QUEUED TO SYSOUT CLASS A
13:37:58 / $HASP150 SYSLOG   ON PRINTER1
13:37:58 / $HASP250 ZP60029  IS PURGED
13:37:58 / $HASP160 PRINTER1 INACTIVE - CLASS=AJ
13:38:45 / $HASP395 ZP60030  ENDED
13:38:45 / $HASP150 ZP60030  ON PRINTER1
13:38:45 / $HASP373 ZP60031  STARTED - INIT  1 - CLASS A - SYS H158
13:38:46 / $HASP160 PRINTER1 INACTIVE - CLASS=AJ
13:38:46 / $HASP250 ZP60030  IS PURGED
13:40:02 / $HASP395 ZP60031  ENDED
13:40:02 / $HASP150 ZP60031  ON PRINTER1
13:40:02 / $HASP373 ZP60032  STARTED - INIT  1 - CLASS A - SYS H158
13:40:05 / $HASP160 PRINTER1 INACTIVE - CLASS=AJ
13:40:05 / $HASP250 ZP60031  IS PURGED
13:40:47 / $HASP395 ZP60032  ENDED
13:40:47 / $HASP150 ZP60032  ON PRINTER1
13:40:47 / $HASP373 ZP60033  STARTED - INIT  1 - CLASS A - SYS H158
13:40:47 / $HASP160 PRINTER1 INACTIVE - CLASS=AJ
13:40:47 / $HASP250 ZP60032  IS PURGED
13:41:31 / $HASP395 ZP60033  ENDED
13:41:31 / $HASP150 ZP60033  ON PRINTER1
13:41:31 / $HASP373 ZP60034  STARTED - INIT  1 - CLASS A - SYS H158
13:41:31 / $HASP160 PRINTER1 INACTIVE - CLASS=AJ
13:41:31 / $HASP250 ZP60033  IS PURGED
13:42:17 / $HASP395 ZP60034  ENDED
13:42:17 / $HASP150 ZP60034  ON PRINTER1
13:42:17 / $HASP373 ZP60035  STARTED - INIT  1 - CLASS A - SYS H158
13:42:17 / $HASP160 PRINTER1 INACTIVE - CLASS=AJ
13:42:17 / $HASP250 ZP60034  IS PURGED
13:44:37 / $HASP395 ZP60035  ENDED
13:44:37 / $HASP309    INIT  1 INACTIVE ******** C=A
13:44:37 / $HASP150 ZP60035  ON PRINTER1
13:44:39 / $HASP160 PRINTER1 INACTIVE - CLASS=AJ
13:44:39 / $HASP250 ZP60035  IS PURGED
13:44:39 / $HASP099 ALL AVAILABLE FUNCTIONS COMPLETE
13:44:41 HHC17540I [AUTOMATE DEBUG] Found challenge, replying with: devinit 12 jcl/usermods6.jcl
13:44:42 HHC01603I devinit 12 jcl/usermods6.jcl
13:44:42 HHC02245I 0:0012 device initialized
13:44:42 HHC17540I # [19/20] usermods6 - ZP60036, ZP60037, ZP60038, ZP60039, ZUM0007, ZUM0008
13:44:42 HHC17540I [AUTOMATE DEBUG] Waiting for: / $HASP099 ALL AVAILABLE FUNCTIONS COM...
13:44:42 HHC17540I [AUTOMATE DEBUG] Response: devinit 12 jcl/fdz1d02.jcl
13:44:42 / $HASP125 READER1  SKIPPING FOR JOB CARD
13:44:42 / $HASP100 ZP60036  ON READER1     J01 M47: ZP60036
13:44:42 / $HASP100 ZP60037  ON READER1     J02 M48: ZP60037
13:44:42 / $HASP100 ZP60038  ON READER1     J03 M49: ZP60038
13:44:42 / $HASP100 ZP60039  ON READER1     J04 M50/51: ZP60039
13:44:43 / $HASP100 ZUM0007  ON READER1     J05 M52: ZUM0007
13:44:43 / $HASP100 ZUM0008  ON READER1     J06 M53: ZUM0008
13:44:43 / $HASP373 ZP60036  STARTED - INIT  1 - CLASS A - SYS H158
13:45:31 / $HASP395 ZP60036  ENDED
13:45:31 / $HASP150 ZP60036  ON PRINTER1
13:45:31 / $HASP373 ZP60037  STARTED - INIT  1 - CLASS A - SYS H158
13:45:32 / $HASP160 PRINTER1 INACTIVE - CLASS=AJ
13:45:32 / $HASP250 ZP60036  IS PURGED
13:46:20 / $HASP395 ZP60037  ENDED
13:46:20 / $HASP150 ZP60037  ON PRINTER1
13:46:20 / $HASP373 ZP60038  STARTED - INIT  1 - CLASS A - SYS H158
13:46:21 / $HASP160 PRINTER1 INACTIVE - CLASS=AJ
13:46:21 / $HASP250 ZP60037  IS PURGED
13:47:31 / $HASP395 ZP60038  ENDED
13:47:31 / $HASP150 ZP60038  ON PRINTER1
13:47:31 / $HASP373 ZP60039  STARTED - INIT  1 - CLASS A - SYS H158
13:47:32 / $HASP160 PRINTER1 INACTIVE - CLASS=AJ
13:47:32 / $HASP250 ZP60038  IS PURGED
13:47:57 / $HASP395 ZP60039  ENDED
13:47:57 / $HASP150 ZP60039  ON PRINTER1
13:47:57 / $HASP373 ZUM0007  STARTED - INIT  1 - CLASS A - SYS H158
13:48:01 / $HASP160 PRINTER1 INACTIVE - CLASS=AJ
13:48:01 / $HASP250 ZP60039  IS PURGED
13:48:42 / $HASP395 ZUM0007  ENDED
13:48:42 / $HASP150 ZUM0007  ON PRINTER1
13:48:42 / $HASP373 ZUM0008  STARTED - INIT  1 - CLASS A - SYS H158
13:48:42 / $HASP160 PRINTER1 INACTIVE - CLASS=AJ
13:48:42 / $HASP250 ZUM0007  IS PURGED
13:50:48 / $HASP395 ZUM0008  ENDED
13:50:48 / $HASP309    INIT  1 INACTIVE ******** C=A
13:50:48 / $HASP150 ZUM0008  ON PRINTER1
13:50:50 / $HASP160 PRINTER1 INACTIVE - CLASS=AJ
13:50:50 / $HASP250 ZUM0008  IS PURGED
13:50:50 / $HASP099 ALL AVAILABLE FUNCTIONS COMPLETE
13:50:52 HHC17540I [AUTOMATE DEBUG] Found challenge, replying with: devinit 12 jcl/fdz1d02.jcl
13:50:53 HHC01603I devinit 12 jcl/fdz1d02.jcl
13:50:53 HHC02245I 0:0012 device initialized
13:50:53 HHC17540I # [20/20] FDZ1D02 - Device Support Facilities version 13
13:50:53 HHC17540I [AUTOMATE DEBUG] Waiting for: M 170,MVS38J,,FDZ1D02,IE...
13:50:53 HHC17540I [AUTOMATE DEBUG] Response: devinit 170 tape/dz1d02.het
13:50:53 / $HASP100 FDZ1D02  ON READER1     INSTALL DSF R13
13:50:53 / $HASP373 FDZ1D02  STARTED - INIT  1 - CLASS A - SYS H158
13:50:53 /*IEF233A M 170,MVS38J,,FDZ1D02,IEBCOPY
13:50:57 HHC17540I [AUTOMATE DEBUG] Found challenge, replying with: devinit 170 tape/dz1d02.het
13:50:58 HHC01603I devinit 170 tape/dz1d02.het
13:50:58 HHC00221I 0:0170 Tape file tape/dz1d02.het, type HET: format type Hercules Emulated Tape file
13:50:58 HHC02245I 0:0170 device initialized
13:50:58 HHC17540I [AUTOMATE DEBUG] Waiting for: / $HASP099 ALL AVAILABLE FUNCTIONS COM...
13:50:58 HHC17540I [AUTOMATE DEBUG] Response: /$p jes2
13:50:59 / $HASP100 FDZ1D02  ON INTRDR      INSTALL DSF R13
13:50:59 HHC00201I 0:0170 Tape file tape/dz1d02.het, type het: tape closed
13:50:59 / IEF234E K 170,MVS38J,PVT,FDZ1D02
13:50:59 / $HASP395 FDZ1D02  ENDED
13:50:59 / $HASP150 FDZ1D02  ON PRINTER1
13:50:59 / $HASP373 FDZ1D02  STARTED - INIT  1 - CLASS A - SYS H158
13:50:59 / $HASP160 PRINTER1 INACTIVE - CLASS=AJ
13:50:59 / $HASP250 FDZ1D02  IS PURGED
13:51:03 / $HASP395 FDZ1D02  ENDED
13:51:03 / $HASP309    INIT  1 INACTIVE ******** C=A
13:51:03 / $HASP150 FDZ1D02  ON PRINTER1
13:51:03 / $HASP160 PRINTER1 INACTIVE - CLASS=AJ
13:51:03 / $HASP250 FDZ1D02  IS PURGED
13:51:03 / $HASP099 ALL AVAILABLE FUNCTIONS COMPLETE
13:51:07 HHC17540I [AUTOMATE DEBUG] Found challenge, replying with: /$p jes2
13:51:08 /$p jes2
13:51:08 HHC17540I # Shutting Down
13:51:08 HHC17540I [AUTOMATE DEBUG] Waiting for: IEF196I IEF285I   VOL SER NOS= SP...
13:51:08 HHC17540I [AUTOMATE DEBUG] Response: /z eod
13:51:08 / $HASP395 INIT     ENDED
13:51:08 / IEE043I A SYSTEM LOG DATA SET HAS BEEN QUEUED TO SYSOUT CLASS A
13:51:08 /2000 12.51.08 CONSOLE   IEE142I  01F NOW RECEIVING HARDCOPY
13:51:08 /4000 12.51.08           IEE043I A SYSTEM LOG DATA SET HAS BEEN QUEUED TO SYSOUT CLASS A
13:51:08 /4000 12.51.08           IEE037I LOG NOT ACTIVE
13:51:08 /0000 12.51.08           IEF196I IEF142I JES2 JES2 - STEP WAS EXECUTED - COND CODE 0000
13:51:08 /0000 12.51.08           IEF196I IEF285I   SYS1.PROCLIB                                 KEPT
13:51:08 /0000 12.51.08           IEF196I IEF285I   VOL SER NOS= START1.
13:51:08 /0000 12.51.08           IEF196I IEF285I   SYS1.HASPCKPT                                KEPT
13:51:08 /0000 12.51.08           IEF196I IEF285I   VOL SER NOS= SPOOL0.
13:51:08 /0000 12.51.08           IEF196I IEF285I   SYS1.HASPACE                                 KEPT
13:51:08 /0000 12.51.08           IEF196I IEF285I   VOL SER NOS= SPOOL0.
13:51:15 HHC17540I [AUTOMATE DEBUG] Found challenge, replying with: /z eod
13:51:16 /z eod
13:51:16 HHC17540I [AUTOMATE DEBUG] Waiting for: IEE334I HALT     EOD SUCCE...
13:51:16 HHC17540I [AUTOMATE DEBUG] Response: /quiesce
13:51:16 /4000 12.51.16           IEE334I HALT     EOD SUCCESSFUL
13:51:19 HHC17540I [AUTOMATE DEBUG] Found challenge, replying with: /quiesce
13:51:20 /quiesce
13:51:20 HHC17540I [AUTOMATE DEBUG] Waiting for: CP00: disabled wait ...
13:51:20 HHC17540I [AUTOMATE DEBUG] Response: quit
13:51:20 HHC00809I Processor CP00: disabled wait state 000A0000 00000CCC
13:51:22 HHC17540I [AUTOMATE DEBUG] Found challenge, replying with: quit
13:51:23 HHC01603I sh rm -f failure
13:51:23 HHC01603I quit
13:51:23 HHC01420I Begin Hercules shutdown
13:51:23 HHC01423I Calling termination routines
13:51:23 HHC01423I Calling termination routines
13:51:23 HHC00101I Thread id 00007fbefc5f8700, prio 0, name 'Processor CP00' ended
13:51:23 HHC00333I 0:0148   32/64       size free  nbr st   reads  writes l2reads    hits switches
13:51:23 HHC00334I 0:0148                                                      readaheads   misses
13:51:23 HHC00335I 0:0148 ------------------------------------------------------------------------
13:51:23 HHC00336I 0:0148 [*] 32 00033925582 002% 0495    0042567 0050190 0000236 0096419  0103887
13:51:23 HHC00337I 0:0148                                                         0036775  0003044
13:51:23 HHC00338I 0:0148 dasd/smp000.3350
13:51:23 HHC00339I 0:0148 [0] 32 00033925582 002% 0495 rw 0042567 0050190 0000236
13:51:23 HHC00333I 0:0150   32/64       size free  nbr st   reads  writes l2reads    hits switches
13:51:23 HHC00334I 0:0150                                                      readaheads   misses
13:51:23 HHC00335I 0:0150 ------------------------------------------------------------------------
13:51:23 HHC00336I 0:0150 [*] 32 00008425487 020% 0012    0013273 0105320 0000011 0033605  0037093
13:51:23 HHC00337I 0:0150                                                         0010174  0002163
13:51:23 HHC00338I 0:0150 dasd/start1.3330
13:51:23 HHC00339I 0:0150 [0] 32 00008425487 020% 0012 rw 0013273 0105320 0000011
13:51:23 HHC00333I 0:0151   32/64       size free  nbr st   reads  writes l2reads    hits switches
13:51:23 HHC00334I 0:0151                                                      readaheads   misses
13:51:23 HHC00335I 0:0151 ------------------------------------------------------------------------
13:51:23 HHC00336I 0:0151 [*] 32 00010220714 004% 0627    0020685 0094575 0000164 0098426  0105087
13:51:23 HHC00337I 0:0151                                                         0014921  0002607
13:51:23 HHC00338I 0:0151 dasd/spool0.3330
13:51:23 HHC00339I 0:0151 [0] 32 00010220714 004% 0627 rw 0020685 0094575 0000164
13:51:23 HHC00333I 0:0248   32/64       size free  nbr st   reads  writes l2reads    hits switches
13:51:23 HHC00334I 0:0248                                                      readaheads   misses
13:51:23 HHC00335I 0:0248 ------------------------------------------------------------------------
13:51:23 HHC00336I 0:0248 [*] 32 00001343576 000% 0000    0001781 0020094 0000001 0005427  0006164
13:51:23 HHC00337I 0:0248                                                         0001397  0000206
13:51:23 HHC00338I 0:0248 dasd/work00.3350
13:51:23 HHC00339I 0:0248 [0] 32 00001343576 000% 0000 rw 0001781 0020094 0000001
13:51:23 HHC00333I 0:0249   32/64       size free  nbr st   reads  writes l2reads    hits switches
13:51:23 HHC00334I 0:0249                                                      readaheads   misses
13:51:23 HHC00335I 0:0249 ------------------------------------------------------------------------
13:51:23 HHC00336I 0:0249 [*] 32 00015450926 005% 0062    0004792 0067240 0000098 0016329  0017174
13:51:23 HHC00337I 0:0249                                                         0004096  0000479
13:51:23 HHC00338I 0:0249 dasd/work01.3350
13:51:23 HHC00339I 0:0249 [0] 32 00015450926 005% 0062 rw 0004792 0067240 0000098
13:51:23 HHC00333I 0:0149   32/64       size free  nbr st   reads  writes l2reads    hits switches
13:51:23 HHC00334I 0:0149                                                      readaheads   misses
13:51:23 HHC00335I 0:0149 ------------------------------------------------------------------------
13:51:23 HHC00336I 0:0149 [*] 32 00013016982 011% 0009    0010448 0082954 0000022 0122987  0127065
13:51:23 HHC00337I 0:0149                                                         0010464  0001379
13:51:23 HHC00338I 0:0149 dasd/mvsres.3350
13:51:23 HHC00339I 0:0149 [0] 32 00013016982 011% 0009 rw 0010448 0082954 0000022
13:51:23 HHC00333I 0:014A   32/64       size free  nbr st   reads  writes l2reads    hits switches
13:51:23 HHC00334I 0:014A                                                      readaheads   misses
13:51:23 HHC00335I 0:014A ------------------------------------------------------------------------
13:51:23 HHC00336I 0:014A [*] 32 00000823308 000% 0003    0000063 0001713 0000001 0001347  0001511
13:51:23 HHC00337I 0:014A                                                         0000371  0000030
13:51:23 HHC00338I 0:014A dasd/mvs000.3350
13:51:23 HHC00339I 0:014A [0] 32 00000823308 000% 0003 rw 0000063 0001713 0000001
13:51:23 HHC00333I 0:014B   32/64       size free  nbr st   reads  writes l2reads    hits switches
13:51:23 HHC00334I 0:014B                                                      readaheads   misses
13:51:23 HHC00335I 0:014B ------------------------------------------------------------------------
13:51:23 HHC00336I 0:014B [*] 32 00000003951 000% 0000    0000005 0000022 0000001 0000149  0000156
13:51:23 HHC00337I 0:014B                                                         0000148  0000005
13:51:23 HHC00338I 0:014B dasd/spool1.3350
13:51:23 HHC00339I 0:014B [0] 32 00000003951 000% 0000 rw 0000005 0000022 0000001
13:51:23 HHC00333I 0:014C   32/64       size free  nbr st   reads  writes l2reads    hits switches
13:51:23 HHC00334I 0:014C                                                      readaheads   misses
13:51:23 HHC00335I 0:014C ------------------------------------------------------------------------
13:51:23 HHC00336I 0:014C [*] 32 00002332287 000% 0000    0000005 0059440 0000018 0016768  0016777
13:51:23 HHC00337I 0:014C                                                         0016768  0000038
13:51:23 HHC00338I 0:014C dasd/page00.3350
13:51:23 HHC00339I 0:014C [0] 32 00002332287 000% 0000 rw 0000005 0059440 0000018
13:51:23 HHC00101I Thread id 00007fbefc1f4700, prio 0, name 'cckd_ra thread 2' ended
13:51:23 HHC00101I Thread id 00007fbefc2f5700, prio 0, name 'cckd_ra thread 1' ended
13:51:23 HHC00101I Thread id 00007fbeeeef9700, prio 0, name 'cckd_gcol' ended
13:51:23 HHC00101I Thread id 00007fbeeeffa700, prio 0, name 'cckd_writer thread 1' ended
13:51:23 HHC00101I Thread id 00007fbeeedf8700, prio 0, name 'cckd_writer thread 2' ended
13:51:23 HHC01427I Main storage released
13:51:23 HHC01427I Expanded storage released
13:51:23 HHC01422I Configuration released
13:51:23 HHC00101I Thread id 00007fbefc4f7700, prio 0, name 'timer_thread' ended
13:51:23 HHC00101I Thread id 00007fbefce5f540, prio 0, name 'panel_display' ended
