08:00:11 HHC00109E set_thread_priority( 5 ) failed: Operation not permitted
08:00:11 HHC00007I Previous message from function 'impl' at impl.c(989)
08:00:11 HHC00110W Defaulting all threads to priority 0
08:00:11 HHC00007I Previous message from function 'impl' at impl.c(992)
08:00:11 HHC00100I Thread id 00007f0124557540, prio 0, name 'impl_thread' started
08:00:11 HHC90020W 'hthread_setschedparam()' failed at loc=impl.c:1011: rc=22: Invalid argument
08:00:11 HHC00007I Previous message from function 'hthread_set_thread_prio' at hthreads.c(1170)
08:00:11 HHC00100I Thread id 00007f0124454700, prio 0, name 'logger_thread' started
08:00:11 HHC01413I Hercules version 4.4.9999.0-SDL-g7bcdc7e6 (4.4.9999.0)
08:00:11 HHC01414I (C) Copyright 1999-2021 by Roger Bowler, Jan Jaeger, and others
08:00:11 HHC01417I ** The SoftDevLabs version of Hercules **
08:00:11 HHC01415I Build date: Aug  4 2021 at 07:58:16
08:00:11 HHC01417I Built with: GCC 9.3.0
08:00:11 HHC01417I Build type: GNU/Linux x86_64 host architecture build
08:00:11 HHC01417I Modes: S/370 ESA/390 z/Arch
08:00:11 HHC01417I Max CPU Engines: 128
08:00:11 HHC01417I Using   shared libraries
08:00:11 HHC01417I Using   setresuid() for setting privileges
08:00:11 HHC01417I Using   POSIX threads Threading Model
08:00:11 HHC01417I Using   Error-Checking Mutex Locking Model
08:00:11 HHC01417I With    Shared Devices support
08:00:11 HHC01417I With    Dynamic loading support
08:00:11 HHC01417I With    External GUI support
08:00:11 HHC01417I With    IPV6 support
08:00:11 HHC01417I With    HTTP Server support
08:00:11 HHC01417I With    sqrtl support
08:00:11 HHC01417I With    Signal handling
08:00:11 HHC01417I With    Watchdog monitoring
08:00:11 HHC01417I With    CCKD BZIP2 support
08:00:11 HHC01417I With    HET BZIP2 support
08:00:11 HHC01417I With    ZLIB support
08:00:11 HHC01417I With    Regular Expressions support
08:00:11 HHC01417I Without Object REXX support
08:00:11 HHC01417I With    Regina REXX support
08:00:11 HHC01417I With    Automatic Operator support
08:00:11 HHC01417I Without National Language Support
08:00:11 HHC01417I With    CCKD64 Support
08:00:11 HHC01417I With    Transactional-Execution Facility support
08:00:11 HHC01417I With    "Optimized" instructions
08:00:11 HHC01417I With    OPTION_USE_SKAIP_AS_LOCK
08:00:11 HHC01417I With    OPTION_SIE2BK_FLD_COPY
08:00:11 HHC01417I Machine dependent assists: cmpxchg1 cmpxchg4 cmpxchg8 cmpxchg16 hatomics=C11
08:00:11 HHC01417I Running on: jake-ThinkPad-T14-Gen-1 (Linux-5.8.0-63-generic x86_64) MP=16
08:00:11 HHC01417I Built with crypto external package version 1.0.0.49-g837705e
08:00:11 HHC01417I Built with decNumber external package version 3.68.0.99-gda66509
08:00:11 HHC01417I Built with SoftFloat external package version 3.5.0.102-g42f2f99
08:00:11 HHC01417I Built with telnet external package version 1.0.0.59-g2aca101
08:00:11 HHC00018W Hercules is NOT running in elevated mode
08:00:11 HHC00007I Previous message from function 'impl' at impl.c(1046)
08:00:11 HHC00150I Crypto module loaded (C) Copyright 2003-2016 by Bernard van der Helm
08:00:11 HHC00151I Activated facility: Message Security Assist
08:00:11 HHC00151I Activated facility: Message Security Assist Extension 1, 2, 3 and 4
08:00:11 HHC17528I REXX(Regina) VERSION: REXX-Regina_3.6(MT) 5.00 31 Dec 2011
08:00:11 HHC17529I REXX(Regina) SOURCE:  UNIX
08:00:11 HHC17525I REXX(Regina) Rexx has been started/enabled
08:00:11 HHC17500I REXX(Regina) Mode            : Command
08:00:11 HHC17500I REXX(Regina) MsgLevel        : Off
08:00:11 HHC17500I REXX(Regina) MsgPrefix       : Off
08:00:11 HHC17500I REXX(Regina) ErrPrefix       : Off
08:00:11 HHC17500I REXX(Regina) Resolver        : On
08:00:11 HHC17500I REXX(Regina) SysPath    ( 9) : On
08:00:11 HHC17500I REXX(Regina) RexxPath   ( 0) :
08:00:11 HHC17500I REXX(Regina) Extensions ( 8) : .REXX:.rexx:.REX:.rex:.CMD:.cmd:.RX:.rx
08:00:11 HHC90020W 'hthread_setschedparam()' failed at loc=impl.c:432: rc=22: Invalid argument
08:00:11 HHC00007I Previous message from function 'hthread_set_thread_prio' at hthreads.c(1170)
08:00:11 HHC00111I Thread CPU Time IS available (_POSIX_THREAD_CPUTIME=0)
08:00:11 HHC90020W 'hthread_setschedparam()' failed at loc=cpu.c:2335: rc=22: Invalid argument
08:00:11 HHC00007I Previous message from function 'hthread_set_thread_prio' at hthreads.c(1170)
08:00:11 HHC90020W 'hthread_setschedparam()' failed at loc=timer.c:193: rc=22: Invalid argument
08:00:11 HHC00007I Previous message from function 'hthread_set_thread_prio' at hthreads.c(1170)
08:00:11 HHC00100I Thread id 00007f011fcfb700, prio 0, name 'Processor CP00' started
08:00:11 HHC00100I Thread id 00007f011fbfa700, prio 0, name 'timer_thread' started
08:00:11 HHC00811I Processor CP00: architecture mode z/Arch
08:00:11 HHC00811I Processor CP00: architecture mode S/370
08:00:11 HHC02204I ARCHLVL        set to S/370
08:00:11 HHC02204I LPARNUM        set to BASIC
08:00:11 HHC02204I CPUSERIAL      set to 000611
08:00:11 HHC02204I CPUMODEL       set to 0148
08:00:11 HHC17003I MAIN     storage is 8M (mainsize); storage is not locked
08:00:11 HHC17003I EXPANDED storage is 0 (xpndsize); storage is not locked
08:00:11 HHC02204I NUMCPU         set to 1
08:00:11 HHC02204I LOADPARM       set to ........
08:00:11 HHC02256W Command 'PANRATE' is deprecated; use PANOPT RATE=xxx instead
08:00:11 HHC00007I Previous message from function 'panrate_cmd' at hsccmd.c(4254)
08:00:11 HHC02204I PANRATE        set to 250
08:00:11 HHC00220W 0:0170 Tape file /, type UNKNOWN: format type is not determinable, presumed AWS tape
08:00:11 HHC00007I Previous message from function 'gettapetype' at tapedev.c(1204)
08:00:11 HHC00221I 0:0170 Tape file /, type AWS: format type AWS Format tape file
08:00:11 HHC00205E 0:0170 Tape file /, type aws: error in function open(): Is a directory
08:00:11 HHC00007I Previous message from function 'open_awstape' at awstape.c(192)
08:00:11 HHC00414I 0:0150 CKD file dasd/start1.3330: model 3330 cyls 411 heads 19 tracks 7809 trklen 13312
08:00:11 HHC00414I 0:0151 CKD file dasd/spool0.3330: model 3330 cyls 411 heads 19 tracks 7809 trklen 13312
08:00:11 HHC02260I Script 1: begin processing file ../02_sysgen_build_dist.rc
08:00:11 HHC01603I * Duild Distribution System
08:00:11 HHC01603I rexx msgp on
08:00:11 HHC01603I shcmdopt enable
08:00:11 HHC02204I SHCMDOPT       set to ENABLE  NODIAG8
08:00:11 HHC01603I ostailor quiet
08:00:11 HHC01603I panopt msgcolor=dark
08:00:11 HHC02204I PANOPT         set to FULLPATH RATE=250 MSGCOLOR=DARK TITLE=(default)
08:00:11 HHC01603I * Launching Automation REXX script
08:00:11 HHC01603I exec ../automate.rexx ../01_install_smp4.txt hercules.log -d &&
08:00:11 HHC01603I ipl 150
08:00:11 HHC01603I sh touch failure
08:00:11 HHC17540I Commands file: /home/jake/sysgen/01_install_smp4.txt
08:00:11 HHC17540I Log file: /home/jake/sysgen/sysgen/hercules.log
08:00:11 HHC17540I [AUTOMATE DEBUG] Debug enabled
08:00:11 HHC17540I # Installing SMP4 on the Starter System
08:00:11 HHC17540I [AUTOMATE DEBUG] Waiting for: HHC00010A Enter input for console 0...
08:00:11 HHC17540I [AUTOMATE DEBUG] Response: /r 0,clpa
08:00:11 HHC02264I Script 1: file ../02_sysgen_build_dist.rc processing ended
08:00:11 HHC00107I Starting thread cckd_ra(), active=0, started=0, max=2
08:00:11 HHC00100I Thread id 00007f011e9f3700, prio 0, name 'cckd_ra thread 1' started
08:00:11 HHC00107I Starting thread cckd_ra() from cckd_ra(), active=1, started=1, max=2
08:00:11 HHC00100I Thread id 00007f011e8f2700, prio 0, name 'cckd_ra thread 2' started
08:00:12 HHC00814I Processor CP00: SIGP Initial program reset            (07) CP01, PARM 00000000: CC 3
08:00:12 HHC00814I Processor CP00: SIGP Initial program reset            (07) CP02, PARM 00000000: CC 3
08:00:12 HHC00814I Processor CP00: SIGP Initial program reset            (07) CP03, PARM 00000000: CC 3
08:00:12 HHC00814I Processor CP00: SIGP Initial program reset            (07) CP04, PARM 00000000: CC 3
08:00:12 HHC00814I Processor CP00: SIGP Initial program reset            (07) CP05, PARM 00000000: CC 3
08:00:12 HHC00814I Processor CP00: SIGP Initial program reset            (07) CP06, PARM 00000000: CC 3
08:00:12 HHC00814I Processor CP00: SIGP Initial program reset            (07) CP07, PARM 00000000: CC 3
08:00:12 /IEA101A SPECIFY SYSTEM PARAMETERS FOR RELEASE 03.70.VS2
08:00:12 HHC00010A Enter input for console 0:001F
08:00:17 HHC17540I [AUTOMATE DEBUG] Found challenge, replying with: /r 0,clpa
08:00:18 /r 0,clpa
08:00:18 HHC17540I [AUTOMATE DEBUG] Waiting for: $HASP426 SPECIFY OPTIONS - HASP-II, VERSION JES...
08:00:18 HHC17540I [AUTOMATE DEBUG] Response: /r 0,format,noreq
08:00:19 HHC00107I Starting thread cckd_writer(), active=0, started=0, max=2
08:00:19 HHC90020W 'hthread_setschedparam()' failed at loc=cckddasd.c:1775: rc=22: Invalid argument
08:00:19 HHC00007I Previous message from function 'hthread_set_thread_prio' at hthreads.c(1170)
08:00:19 HHC00100I Thread id 00007f011e7f1700, prio 0, name 'cckd_writer thread 1' started
08:00:19 HHC00107I Starting thread cckd_gcol(), active=0, started=0, max=1
08:00:19 HHC00100I Thread id 00007f011e6f0700, prio 0, name 'cckd_gcol' started
08:00:21 HHC00107I Starting thread cckd_writer() from cckd_writer(), active=1, started=1, max=2
08:00:21 HHC90020W 'hthread_setschedparam()' failed at loc=cckddasd.c:1775: rc=22: Invalid argument
08:00:21 HHC00007I Previous message from function 'hthread_set_thread_prio' at hthreads.c(1170)
08:00:21 HHC00100I Thread id 00007f011e5ef700, prio 0, name 'cckd_writer thread 2' started
08:00:23 / IEF165I // START JES2
08:00:23 / IEE351I SMF SYS1.MAN RECORDING NOT BEING USED
08:00:23 /*00 $HASP426 SPECIFY OPTIONS - HASP-II, VERSION JES2 4.0
08:00:24 HHC17540I [AUTOMATE DEBUG] Found challenge, replying with: /r 00,format,noreq
08:00:25 /r 00,format,noreq
08:00:25 HHC17540I [AUTOMATE DEBUG] Waiting for: $HASP436 REPLY Y OR N TO CONFIRM CHECKPOINT RECORD C...
08:00:25 HHC17540I [AUTOMATE DEBUG] Response: /r 1,y
08:00:25 / IEE600I REPLY TO 00 IS;SUPPRESSED
08:00:25 /*01 $HASP436 REPLY Y OR N TO CONFIRM CHECKPOINT RECORD CHANGE
08:00:27 HHC17540I [AUTOMATE DEBUG] Found challenge, replying with: /r 01,y
08:00:28 /r 01,y
08:00:28 HHC17540I [AUTOMATE DEBUG] Waiting for: / $HASP099 ALL AVAILABLE FUNCTIONS COM...
08:00:28 HHC17540I [AUTOMATE DEBUG] Response: /$pi2-3
08:00:28 / IEE600I REPLY TO 01 IS;SUPPRESSED
08:00:28 / $HASP423 SPOOL0 IS BEING FORMATTED
08:00:32 / $HASP160 PRINTER1 INACTIVE - CLASS=AJ
08:00:32 / $HASP160 PUNCH1   INACTIVE - CLASS=BK
08:00:32 / $HASP125 READER1  SKIPPING FOR JOB CARD
08:00:32 / $HASP100 INIT     ON STCINRDR
08:00:32 / IEE041I THE SYSTEM LOG IS NOW ACTIVE
08:00:32 / $HASP100 INIT     ON STCINRDR
08:00:32 / $HASP100 INIT     ON STCINRDR
08:00:32 / $HASP373 INIT     STARTED
08:00:32 / $HASP309    INIT  1 INACTIVE ******** C=A
08:00:32 / $HASP309    INIT  2 INACTIVE ******** C=BA
08:00:32 / $HASP309    INIT  3 INACTIVE ******** C=CBA
08:00:32 / $HASP373 INIT     STARTED
08:00:32 / $HASP373 INIT     STARTED
08:00:32 / $HASP099 ALL AVAILABLE FUNCTIONS COMPLETE
08:00:38 HHC17540I [AUTOMATE DEBUG] Found challenge, replying with: /$pi2-3
08:00:39 /$pi2-3
08:00:39 HHC17540I [AUTOMATE DEBUG] Waiting for: / $HASP099 ALL AVAILABLE FUNCTIONS COM...
08:00:39 HHC17540I [AUTOMATE DEBUG] Response: script conf/dlibs.script
08:00:39 / $HASP000 OK
08:00:39 / $HASP395 INIT     ENDED
08:00:39 / $HASP395 INIT     ENDED
08:00:39 / $HASP150 INIT     ON PRINTER1
08:00:39 / $HASP150 INIT     ON PRINTER1
08:00:39 / $HASP250 INIT     IS PURGED
08:00:39 / $HASP160 PRINTER1 INACTIVE - CLASS=AJ
08:00:39 / $HASP250 INIT     IS PURGED
08:00:39 / $HASP099 ALL AVAILABLE FUNCTIONS COMPLETE
08:00:45 HHC17540I [AUTOMATE DEBUG] Found challenge, replying with: script conf/dlibs.script
08:00:46 HHC01603I script conf/dlibs.script
08:00:46 HHC17540I [AUTOMATE DEBUG] Waiting for: file conf/dlibs.script processing ...
08:00:46 HHC17540I [AUTOMATE DEBUG] Response: devinit 12 jcl/smp4p44.jcl
08:00:46 HHC02260I Script 2: begin processing file conf/dlibs.script
08:00:46 HHC01603I attach 148 3350 dasd/smp000.3350
08:00:46 HHC00414I 0:0148 CKD file dasd/smp000.3350: model 3350 cyls 560 heads 30 tracks 16800 trklen 19456
08:00:46 HHC01603I attach 149 3350 dasd/work00.3350
08:00:46 HHC00414I 0:0149 CKD file dasd/work00.3350: model 3350 cyls 560 heads 30 tracks 16800 trklen 19456
08:00:46 HHC01603I attach 14a 3350 dasd/work01.3350
08:00:46 HHC00414I 0:014A CKD file dasd/work01.3350: model 3350 cyls 560 heads 30 tracks 16800 trklen 19456
08:00:46 HHC02264I Script 2: file conf/dlibs.script processing ended
08:00:51 HHC17540I [AUTOMATE DEBUG] Found challenge, replying with: devinit 12 jcl/smp4p44.jcl
08:00:52 HHC01603I devinit 12 jcl/smp4p44.jcl
08:00:52 HHC02245I 0:0012 device initialized
08:00:52 HHC17540I [AUTOMATE DEBUG] Waiting for: HHC02245I 0:0012 device initia...
08:00:52 HHC17540I [AUTOMATE DEBUG] Response: devinit 170 tape/zdlib1.het
08:00:52 / $HASP100 SMP4P44  ON READER1     SMP 4.44 FROM MVS38J
08:00:52 / $HASP104 SMP4P44  ************************************************************
08:00:52 / $HASP104 SMP4P44  * An IPL is required after this job has completed!!!       *
08:00:52 / $HASP104 SMP4P44  ************************************************************
08:00:52 / $HASP373 SMP4P44  STARTED - INIT  1 - CLASS A - SYS H158
08:00:52 / IEF244I SMP4P44 S1 - UNABLE TO ALLOCATE 1 UNIT(S)
08:00:52 /         AT LEAST 1 OFFLINE UNIT(S) NEEDED.
08:00:52 / IEF489I SMP4P44 - 1 UNIT(S) NEEDED FOR I1
08:00:52 / IEF247I SMP4P44 - 182,183,184,170,171 OFFLINE
08:00:52 / IEF247I SMP4P44 - 282,283,284,382,383,384,482,483,484,582 NOT ACCESSIBLE
08:00:52 / IEF247I SMP4P44 - 583,584,682,683,684,270,271,370,371,470 NOT ACCESSIBLE
08:00:52 / IEF247I SMP4P44 - 471,570,571,670,671 NOT ACCESSIBLE
08:00:52 /*02 IEF238D SMP4P44 - REPLY DEVICE NAME OR 'CANCEL'.
08:00:53 HHC17540I [AUTOMATE DEBUG] Found challenge, replying with: devinit 170 tape/zdlib1.het
08:00:54 HHC01603I devinit 170 tape/zdlib1.het
08:00:54 HHC00221I 0:0170 Tape file tape/zdlib1.het, type HET: format type Hercules Emulated Tape file
08:00:54 HHC02245I 0:0170 device initialized
08:00:54 HHC17540I [AUTOMATE DEBUG] Waiting for: IEF238D SMP4P44 - REPLY DEVICE NAME OR 'CAN...
08:00:54 HHC17540I [AUTOMATE DEBUG] Response: /r 2,170
08:01:01 HHC17540I [AUTOMATE DEBUG] Found challenge, replying with: /r 02,170
08:01:02 /r 02,170
08:01:02 HHC17540I [AUTOMATE DEBUG] Waiting for: / IEC501A SMP4P...
08:01:02 HHC17540I [AUTOMATE DEBUG] Response: devinit 170 tape/smp4b.het
08:01:02 / IEE600I REPLY TO 02 IS;170
08:01:03 HHC00201I 0:0170 Tape file tape/zdlib1.het, type het: tape closed
08:01:03 / IEC502E K 170,MVS38J,SL,SMP4P44,S2
08:01:03 /*IEC501A M 170,T74172,SL,6250 BPI,
08:01:03 / IEC501A SMP4P44,S2
08:01:09 HHC17540I [AUTOMATE DEBUG] Found challenge, replying with: devinit 170 tape/smp4b.het
08:01:10 HHC01603I devinit 170 tape/smp4b.het
08:01:10 HHC00221I 0:0170 Tape file tape/smp4b.het, type HET: format type Hercules Emulated Tape file
08:01:10 HHC02245I 0:0170 device initialized
08:01:10 HHC17540I [AUTOMATE DEBUG] Waiting for: IEC507D REPLY 'U'-USE OR 'M'-U...
08:01:10 HHC17540I [AUTOMATE DEBUG] Response: /r 3,U
08:01:10 /*IEC507D E 150,START1,SMP4P44,S2,
08:01:10 / IEC507D SYS1.PROCLIB
08:01:10 /*03 IEC507D REPLY 'U'-USE OR 'M'-UNLOAD
08:01:14 HHC17540I [AUTOMATE DEBUG] Found challenge, replying with: /r 03,U
08:01:15 /r 03,U
08:01:15 HHC17540I [AUTOMATE DEBUG] Waiting for: IEC507D REPLY 'U'-USE OR 'M'-U...
08:01:15 HHC17540I [AUTOMATE DEBUG] Response: /r 4,u
08:01:15 / IEE600I REPLY TO 03 IS;U
08:01:16 HHC00201I 0:0170 Tape file tape/smp4b.het, type het: tape closed
08:01:16 / IEF234E K 170,T74172,PVT,SMP4P44,S2
08:01:16 /*IEC507D E 150,START1,SMP4P44,LK,
08:01:16 / IEC507D SYS1.LINKLIB
08:01:16 /*04 IEC507D REPLY 'U'-USE OR 'M'-UNLOAD
08:01:20 HHC17540I [AUTOMATE DEBUG] Found challenge, replying with: /r 04,u
08:01:21 /r 04,u
08:01:21 HHC17540I [AUTOMATE DEBUG] Waiting for: IEC507D REPLY 'U'-USE OR 'M'-U...
08:01:21 HHC17540I [AUTOMATE DEBUG] Response: /r 5,u
08:01:21 / IEE600I REPLY TO 04 IS;U
08:01:22 /*IEC507D E 150,START1,SMP4P44,S4,
08:01:22 / IEC507D SYS1.PROCLIB
08:01:22 /*05 IEC507D REPLY 'U'-USE OR 'M'-UNLOAD
08:01:24 HHC17540I [AUTOMATE DEBUG] Found challenge, replying with: /r 05,u
08:01:25 /r 05,u
08:01:25 HHC17540I [AUTOMATE DEBUG] Waiting for: IEH841D 148    CONFIRM REQUEST TO INITI...
08:01:25 HHC17540I [AUTOMATE DEBUG] Response: /r 6,U
08:01:25 / IEE600I REPLY TO 05 IS;U
08:01:25 /*06 IEH841D 148    CONFIRM REQUEST TO INITIALIZE
08:01:28 HHC17540I [AUTOMATE DEBUG] Found challenge, replying with: /r 06,U
08:01:29 /r 06,U
08:01:29 HHC17540I [AUTOMATE DEBUG] Waiting for: IEH841D 149    CONFIRM REQUEST TO INITI...
08:01:29 HHC17540I [AUTOMATE DEBUG] Response: /r 7,u
08:01:29 / IEE600I REPLY TO 06 IS;U
08:01:29 /*07 IEH841D 149    CONFIRM REQUEST TO INITIALIZE
08:01:31 HHC17540I [AUTOMATE DEBUG] Found challenge, replying with: /r 07,u
08:01:32 /r 07,u
08:01:32 HHC17540I [AUTOMATE DEBUG] Waiting for: IEH841D 14A    CONFIRM REQUEST TO INITI...
08:01:32 HHC17540I [AUTOMATE DEBUG] Response: /r 8,u
08:01:32 / IEE600I REPLY TO 07 IS;U
08:01:32 /*08 IEH841D 14A    CONFIRM REQUEST TO INITIALIZE
08:01:35 HHC17540I [AUTOMATE DEBUG] Found challenge, replying with: /r 08,u
08:01:36 /r 08,u
08:01:36 HHC17540I [AUTOMATE DEBUG] Waiting for: / $HASP099 ALL AVAILABLE FUNCTIONS COM...
08:01:36 HHC17540I [AUTOMATE DEBUG] Response: /$p jes2
08:01:36 / IEE600I REPLY TO 08 IS;U
08:02:01 / IEH809I N 148,SMP000,SMP4P44 ,S5                
08:02:02 / IEH809I N 149,WORK00,SMP4P44 ,S5                
08:02:02 / IEH809I N 14A,WORK01,SMP4P44 ,S5                
08:02:02 / IEF471E FOLLOWING RETAINED VOLUMES NO LONGER NEEDED BY SMP4P44
08:02:02 /         MVS38J.
08:02:02 / $HASP395 SMP4P44  ENDED
08:02:02 / $HASP309    INIT  1 INACTIVE ******** C=A
08:02:02 / $HASP150 SMP4P44  ON PRINTER1
08:02:02 / $HASP160 PRINTER1 INACTIVE - CLASS=AJ
08:02:02 / $HASP250 SMP4P44  IS PURGED
08:02:02 / $HASP099 ALL AVAILABLE FUNCTIONS COMPLETE
08:02:07 HHC17540I [AUTOMATE DEBUG] Found challenge, replying with: /$p jes2
08:02:08 /$p jes2
08:02:08 HHC17540I [AUTOMATE DEBUG] Waiting for: IEF196I IEF285I   VOL SER NOS= SP...
08:02:08 HHC17540I [AUTOMATE DEBUG] Response: /z eod
08:02:08 / $HASP395 INIT     ENDED
08:02:08 / IEE043I A SYSTEM LOG DATA SET HAS BEEN QUEUED TO SYSOUT CLASS A
08:02:08 / IEE037I LOG NOT ACTIVE
08:02:08 /2000 07.02.08 CONSOLE   IEE142I  01F NOW RECEIVING HARDCOPY
08:02:08 /4000 07.02.08           IEE043I A SYSTEM LOG DATA SET HAS BEEN QUEUED TO SYSOUT CLASS A
08:02:08 /4000 07.02.08           IEE037I LOG NOT ACTIVE
08:02:08 /0000 07.02.08           IEF196I IEF142I JES2 JES2 - STEP WAS EXECUTED - COND CODE 0000
08:02:08 /0000 07.02.08           IEF196I IEF285I   SYS1.PROCLIB                                 KEPT
08:02:08 /0000 07.02.08           IEF196I IEF285I   VOL SER NOS= START1.
08:02:08 /0000 07.02.08           IEF196I IEF285I   SYS1.HASPCKPT                                KEPT
08:02:08 /0000 07.02.08           IEF196I IEF285I   VOL SER NOS= SPOOL0.
08:02:08 /0000 07.02.08           IEF196I IEF285I   SYS1.HASPACE                                 KEPT
08:02:08 /0000 07.02.08           IEF196I IEF285I   VOL SER NOS= SPOOL0.
08:02:15 HHC17540I [AUTOMATE DEBUG] Found challenge, replying with: /z eod
08:02:16 /z eod
08:02:16 HHC17540I [AUTOMATE DEBUG] Waiting for: IEE334I HALT     EOD SUCCE...
08:02:16 HHC17540I [AUTOMATE DEBUG] Response: /quiesce
08:02:16 /4000 07.02.16           IEE334I HALT     EOD SUCCESSFUL
08:02:19 HHC17540I [AUTOMATE DEBUG] Found challenge, replying with: /quiesce
08:02:20 /quiesce
08:02:20 HHC17540I [AUTOMATE DEBUG] Waiting for: CP00: disabled wait ...
08:02:20 HHC17540I [AUTOMATE DEBUG] Response: quit
08:02:20 HHC00809I Processor CP00: disabled wait state 000A0000 00000CCC
08:02:22 HHC17540I [AUTOMATE DEBUG] Found challenge, replying with: quit
08:02:23 HHC01603I sh rm -f failure
08:02:23 HHC01603I quit
08:02:23 HHC01420I Begin Hercules shutdown
08:02:23 HHC01423I Calling termination routines
08:02:23 HHC01423I Calling termination routines
08:02:23 HHC00101I Thread id 00007f011fcfb700, prio 0, name 'Processor CP00' ended
08:02:23 HHC00333I 0:0150   32/64       size free  nbr st   reads  writes l2reads    hits switches
08:02:23 HHC00334I 0:0150                                                      readaheads   misses
08:02:23 HHC00335I 0:0150 ------------------------------------------------------------------------
08:02:23 HHC00336I 0:0150 [*] 32 00010571972 041% 0041    0001010 0001346 0000011 0001317  0001864
08:02:23 HHC00337I 0:0150                                                         0000536  0000097
08:02:23 HHC00338I 0:0150 dasd/start1.3330
08:02:23 HHC00339I 0:0150 [0] 32 00010571972 041% 0041 rw 0001010 0001346 0000011
08:02:23 HHC00333I 0:0151   32/64       size free  nbr st   reads  writes l2reads    hits switches
08:02:23 HHC00334I 0:0151                                                      readaheads   misses
08:02:23 HHC00335I 0:0151 ------------------------------------------------------------------------
08:02:23 HHC00336I 0:0151 [*] 32 00001626195 022% 0018    0001718 0013448 0000028 0002061  0002182
08:02:23 HHC00337I 0:0151                                                         0001601  0000024
08:02:23 HHC00338I 0:0151 dasd/spool0.3330
08:02:23 HHC00339I 0:0151 [0] 32 00001626195 022% 0018 rw 0001718 0013448 0000028
08:02:23 HHC00333I 0:0148   32/64       size free  nbr st   reads  writes l2reads    hits switches
08:02:23 HHC00334I 0:0148                                                      readaheads   misses
08:02:23 HHC00335I 0:0148 ------------------------------------------------------------------------
08:02:23 HHC00336I 0:0148 [*] 32 00000006177 000% 0000    0000003 0000016 0000001 0016955  0016967
08:02:23 HHC00337I 0:0148                                                         0016963  0000017
08:02:23 HHC00338I 0:0148 dasd/smp000.3350
08:02:23 HHC00339I 0:0148 [0] 32 00000006177 000% 0000 rw 0000003 0000016 0000001
08:02:23 HHC00333I 0:0149   32/64       size free  nbr st   reads  writes l2reads    hits switches
08:02:23 HHC00334I 0:0149                                                      readaheads   misses
08:02:23 HHC00335I 0:0149 ------------------------------------------------------------------------
08:02:23 HHC00336I 0:0149 [*] 32 00000006177 000% 0000    0000003 0000016 0000001 0016952  0016967
08:02:23 HHC00337I 0:0149                                                         0016963  0000008
08:02:23 HHC00338I 0:0149 dasd/work00.3350
08:02:23 HHC00339I 0:0149 [0] 32 00000006177 000% 0000 rw 0000003 0000016 0000001
08:02:23 HHC00333I 0:014A   32/64       size free  nbr st   reads  writes l2reads    hits switches
08:02:23 HHC00334I 0:014A                                                      readaheads   misses
08:02:23 HHC00335I 0:014A ------------------------------------------------------------------------
08:02:23 HHC00336I 0:014A [*] 32 00000006177 000% 0000    0000003 0000016 0000001 0016952  0016967
08:02:23 HHC00337I 0:014A                                                         0016963  0000015
08:02:23 HHC00338I 0:014A dasd/work01.3350
08:02:23 HHC00339I 0:014A [0] 32 00000006177 000% 0000 rw 0000003 0000016 0000001
08:02:23 HHC00101I Thread id 00007f011e8f2700, prio 0, name 'cckd_ra thread 2' ended
08:02:23 HHC00101I Thread id 00007f011e9f3700, prio 0, name 'cckd_ra thread 1' ended
08:02:23 HHC00101I Thread id 00007f011e6f0700, prio 0, name 'cckd_gcol' ended
08:02:23 HHC00101I Thread id 00007f011e7f1700, prio 0, name 'cckd_writer thread 1' ended
08:02:23 HHC00101I Thread id 00007f011e5ef700, prio 0, name 'cckd_writer thread 2' ended
08:02:23 HHC01427I Main storage released
08:02:23 HHC01427I Expanded storage released
08:02:23 HHC01422I Configuration released
08:02:23 HHC00101I Thread id 00007f011fbfa700, prio 0, name 'timer_thread' ended
08:02:23 HHC00101I Thread id 00007f0124557540, prio 0, name 'panel_display' ended
