13:52:10 HHC00109E set_thread_priority( 5 ) failed: Operation not permitted
13:52:10 HHC00007I Previous message from function 'impl' at impl.c(989)
13:52:10 HHC00110W Defaulting all threads to priority 0
13:52:10 HHC00007I Previous message from function 'impl' at impl.c(992)
13:52:10 HHC00100I Thread id 00007f3596149540, prio 0, name 'impl_thread' started
13:52:10 HHC90020W 'hthread_setschedparam()' failed at loc=impl.c:1011: rc=22: Invalid argument
13:52:10 HHC00007I Previous message from function 'hthread_set_thread_prio' at hthreads.c(1170)
13:52:10 HHC00100I Thread id 00007f3596046700, prio 0, name 'logger_thread' started
13:52:10 HHC01413I Hercules version 4.4.9999.0-SDL-g7bcdc7e6 (4.4.9999.0)
13:52:10 HHC01414I (C) Copyright 1999-2021 by Roger Bowler, Jan Jaeger, and others
13:52:10 HHC01417I ** The SoftDevLabs version of Hercules **
13:52:10 HHC01415I Build date: Aug  4 2021 at 07:58:16
13:52:10 HHC01417I Built with: GCC 9.3.0
13:52:10 HHC01417I Build type: GNU/Linux x86_64 host architecture build
13:52:10 HHC01417I Modes: S/370 ESA/390 z/Arch
13:52:10 HHC01417I Max CPU Engines: 128
13:52:10 HHC01417I Using   shared libraries
13:52:10 HHC01417I Using   setresuid() for setting privileges
13:52:10 HHC01417I Using   POSIX threads Threading Model
13:52:10 HHC01417I Using   Error-Checking Mutex Locking Model
13:52:10 HHC01417I With    Shared Devices support
13:52:10 HHC01417I With    Dynamic loading support
13:52:10 HHC01417I With    External GUI support
13:52:10 HHC01417I With    IPV6 support
13:52:10 HHC01417I With    HTTP Server support
13:52:10 HHC01417I With    sqrtl support
13:52:10 HHC01417I With    Signal handling
13:52:10 HHC01417I With    Watchdog monitoring
13:52:10 HHC01417I With    CCKD BZIP2 support
13:52:10 HHC01417I With    HET BZIP2 support
13:52:10 HHC01417I With    ZLIB support
13:52:10 HHC01417I With    Regular Expressions support
13:52:10 HHC01417I Without Object REXX support
13:52:10 HHC01417I With    Regina REXX support
13:52:10 HHC01417I With    Automatic Operator support
13:52:10 HHC01417I Without National Language Support
13:52:10 HHC01417I With    CCKD64 Support
13:52:10 HHC01417I With    Transactional-Execution Facility support
13:52:10 HHC01417I With    "Optimized" instructions
13:52:10 HHC01417I With    OPTION_USE_SKAIP_AS_LOCK
13:52:10 HHC01417I With    OPTION_SIE2BK_FLD_COPY
13:52:10 HHC01417I Machine dependent assists: cmpxchg1 cmpxchg4 cmpxchg8 cmpxchg16 hatomics=C11
13:52:10 HHC01417I Running on: jake-ThinkPad-T14-Gen-1 (Linux-5.8.0-63-generic x86_64) MP=16
13:52:10 HHC01417I Built with crypto external package version 1.0.0.49-g837705e
13:52:10 HHC01417I Built with decNumber external package version 3.68.0.99-gda66509
13:52:10 HHC01417I Built with SoftFloat external package version 3.5.0.102-g42f2f99
13:52:10 HHC01417I Built with telnet external package version 1.0.0.59-g2aca101
13:52:10 HHC00018W Hercules is NOT running in elevated mode
13:52:10 HHC00007I Previous message from function 'impl' at impl.c(1046)
13:52:10 HHC00150I Crypto module loaded (C) Copyright 2003-2016 by Bernard van der Helm
13:52:10 HHC00151I Activated facility: Message Security Assist
13:52:10 HHC00151I Activated facility: Message Security Assist Extension 1, 2, 3 and 4
13:52:10 HHC17528I REXX(Regina) VERSION: REXX-Regina_3.6(MT) 5.00 31 Dec 2011
13:52:10 HHC17529I REXX(Regina) SOURCE:  UNIX
13:52:10 HHC17525I REXX(Regina) Rexx has been started/enabled
13:52:10 HHC17500I REXX(Regina) Mode            : Command
13:52:10 HHC17500I REXX(Regina) MsgLevel        : Off
13:52:10 HHC17500I REXX(Regina) MsgPrefix       : Off
13:52:10 HHC17500I REXX(Regina) ErrPrefix       : Off
13:52:10 HHC17500I REXX(Regina) Resolver        : On
13:52:10 HHC17500I REXX(Regina) SysPath    ( 9) : On
13:52:10 HHC17500I REXX(Regina) RexxPath   ( 0) :
13:52:10 HHC17500I REXX(Regina) Extensions ( 8) : .REXX:.rexx:.REX:.rex:.CMD:.cmd:.RX:.rx
13:52:10 HHC90020W 'hthread_setschedparam()' failed at loc=impl.c:432: rc=22: Invalid argument
13:52:10 HHC00007I Previous message from function 'hthread_set_thread_prio' at hthreads.c(1170)
13:52:10 HHC00111I Thread CPU Time IS available (_POSIX_THREAD_CPUTIME=0)
13:52:10 HHC90020W 'hthread_setschedparam()' failed at loc=cpu.c:2335: rc=22: Invalid argument
13:52:10 HHC00007I Previous message from function 'hthread_set_thread_prio' at hthreads.c(1170)
13:52:10 HHC90020W 'hthread_setschedparam()' failed at loc=timer.c:193: rc=22: Invalid argument
13:52:10 HHC00007I Previous message from function 'hthread_set_thread_prio' at hthreads.c(1170)
13:52:10 HHC00100I Thread id 00007f35958e2700, prio 0, name 'Processor CP00' started
13:52:10 HHC00100I Thread id 00007f35957e1700, prio 0, name 'timer_thread' started
13:52:10 HHC00811I Processor CP00: architecture mode z/Arch
13:52:10 HHC00811I Processor CP00: architecture mode S/370
13:52:10 HHC02204I ARCHLVL        set to S/370
13:52:10 HHC02204I LPARNUM        set to BASIC
13:52:10 HHC02204I CPUSERIAL      set to 134001
13:52:10 HHC02204I CPUMODEL       set to 0148
13:52:10 HHC17003I MAIN     storage is 8M (mainsize); storage is not locked
13:52:10 HHC17003I EXPANDED storage is 0 (xpndsize); storage is not locked
13:52:10 HHC02204I NUMCPU         set to 1
13:52:10 HHC02204I LOADPARM       set to ........
13:52:10 HHC02256W Command 'PANRATE' is deprecated; use PANOPT RATE=xxx instead
13:52:10 HHC00007I Previous message from function 'panrate_cmd' at hsccmd.c(4254)
13:52:10 HHC02204I PANRATE        set to 250
13:52:10 HHC01042I 0:000C COMM: device bound to socket localhost:3505
13:52:10 HHC90020W 'hthread_setschedparam()' failed at loc=sockdev.c:407: rc=22: Invalid argument
13:52:10 HHC00007I Previous message from function 'hthread_set_thread_prio' at hthreads.c(1170)
13:52:10 HHC00100I Thread id 00007f3595ae5700, prio 0, name 'socket_thread' started
13:52:10 HHC00414I 0:0150 CKD file dasd/mvsres.3350: model 3350 cyls 560 heads 30 tracks 16800 trklen 19456
13:52:10 HHC00414I 0:0151 CKD file dasd/mvs000.3350: model 3350 cyls 560 heads 30 tracks 16800 trklen 19456
13:52:10 HHC00414I 0:0152 CKD file dasd/page00.3350: model 3350 cyls 560 heads 30 tracks 16800 trklen 19456
13:52:10 HHC00414I 0:0153 CKD file dasd/spool1.3350: model 3350 cyls 560 heads 30 tracks 16800 trklen 19456
13:52:10 HHC00414I 0:0250 CKD file dasd/smp000.3350: model 3350 cyls 560 heads 30 tracks 16800 trklen 19456
13:52:10 HHC00414I 0:0251 CKD file dasd/work00.3350: model 3350 cyls 560 heads 30 tracks 16800 trklen 19456
13:52:10 HHC00414I 0:0252 CKD file dasd/work01.3350: model 3350 cyls 560 heads 30 tracks 16800 trklen 19456
13:52:10 HHC90020W 'hthread_setschedparam()' failed at loc=console.c:3395: rc=22: Invalid argument
13:52:10 HHC00007I Previous message from function 'hthread_set_thread_prio' at hthreads.c(1170)
13:52:10 HHC00100I Thread id 00007f35946db700, prio 0, name 'console_connect' started
13:52:10 HHC01024I Waiting for console connections on port 3270
13:52:10 HHC02260I Script 1: begin processing file ../05_sysgen_system_customization.rc
13:52:10 HHC01603I * System Generation
13:52:10 HHC01603I rexx msgp on
13:52:10 HHC01603I shcmdopt enable
13:52:10 HHC02204I SHCMDOPT       set to ENABLE  NODIAG8
13:52:10 HHC01603I ostailor quiet
13:52:10 HHC01603I panopt msgcolor=dark
13:52:10 HHC02204I PANOPT         set to FULLPATH RATE=250 MSGCOLOR=DARK TITLE=(default)
13:52:10 HHC01603I * Launching Automation REXX script
13:52:10 HHC01603I exec ../automate.rexx ../04_system_customization.txt hercules.log -d &&
13:52:10 HHC01603I ipl 150
13:52:10 HHC01603I sh touch failure
13:52:10 HHC02264I Script 1: file ../05_sysgen_system_customization.rc processing ended
13:52:10 HHC17540I Commands file: /home/jake/sysgen/04_system_customization.txt
13:52:10 HHC17540I Log file: /home/jake/sysgen/sysgen/hercules.log
13:52:10 HHC17540I [AUTOMATE DEBUG] Debug enabled
13:52:10 HHC17540I [AUTOMATE DEBUG] Waiting for: HHC00010A Enter input for console 0...
13:52:10 HHC17540I [AUTOMATE DEBUG] Response: /r 0,clpa
13:52:10 HHC00107I Starting thread cckd_ra(), active=0, started=0, max=2
13:52:10 HHC00100I Thread id 00007f35943d8700, prio 0, name 'cckd_ra thread 1' started
13:52:10 HHC00107I Starting thread cckd_ra() from cckd_ra(), active=1, started=1, max=2
13:52:10 HHC00100I Thread id 00007f35942d7700, prio 0, name 'cckd_ra thread 2' started
13:52:11 HHC00814I Processor CP00: SIGP Initial program reset            (07) CP01, PARM 00000000: CC 3
13:52:11 HHC00814I Processor CP00: SIGP Initial program reset            (07) CP02, PARM 00000000: CC 3
13:52:11 HHC00814I Processor CP00: SIGP Initial program reset            (07) CP03, PARM 00000000: CC 3
13:52:11 HHC00814I Processor CP00: SIGP Initial program reset            (07) CP04, PARM 00000000: CC 3
13:52:11 HHC00814I Processor CP00: SIGP Initial program reset            (07) CP05, PARM 00000000: CC 3
13:52:11 HHC00814I Processor CP00: SIGP Initial program reset            (07) CP06, PARM 00000000: CC 3
13:52:11 HHC00814I Processor CP00: SIGP Initial program reset            (07) CP07, PARM 00000000: CC 3
13:52:12 /IEA101A SPECIFY SYSTEM PARAMETERS FOR RELEASE 03.8 .VS2
13:52:12 HHC00010A Enter input for console 0:0009
13:52:16 HHC17540I [AUTOMATE DEBUG] Found challenge, replying with: /r 0,clpa
13:52:17 /r 0,clpa
13:52:17 HHC17540I [AUTOMATE DEBUG] Waiting for: IFB010D ENTER 'IPL REASON,SUBSYSTEM ID' O...
13:52:17 HHC17540I [AUTOMATE DEBUG] Response: /r 0,u
13:52:17 HHC00107I Starting thread cckd_writer(), active=0, started=0, max=2
13:52:17 HHC90020W 'hthread_setschedparam()' failed at loc=cckddasd.c:1775: rc=22: Invalid argument
13:52:17 HHC00007I Previous message from function 'hthread_set_thread_prio' at hthreads.c(1170)
13:52:17 HHC00100I Thread id 00007f35941d6700, prio 0, name 'cckd_writer thread 1' started
13:52:17 HHC00107I Starting thread cckd_gcol(), active=0, started=0, max=1
13:52:17 HHC00100I Thread id 00007f3567fff700, prio 0, name 'cckd_gcol' started
13:52:17 /IEA940I THE FOLLOWING PAGE DATA SETS ARE IN USE
13:52:17 / PLPA ... SYS1.PAGELPA
13:52:17 / COMMON . SYS1.PAGECSA
13:52:17 / LOCAL .. SYS1.PAGEL00
13:52:18 /IEA357I ERRORS IN IEAPAK00 LIST
13:52:18 /IEA357I IGC0J05B INVALID - MODULE IGNORED 
13:52:19 /IEA357I IGG08101 INVALID - MODULE IGNORED 
13:52:19 /IEA357I IGG08102 INVALID - MODULE IGNORED 
13:52:19 /IEA357I IGG08103 INVALID - MODULE IGNORED 
13:52:19 /IEA357I IGG08104 INVALID - MODULE IGNORED 
13:52:19 /IEA357I IGC11110 INVALID - MODULE IGNORED 
13:52:19 /IEA357I IGC12110 INVALID - MODULE IGNORED 
13:52:22 HHC00107I Starting thread cckd_writer() from cckd_writer(), active=1, started=1, max=2
13:52:22 HHC90020W 'hthread_setschedparam()' failed at loc=cckddasd.c:1775: rc=22: Invalid argument
13:52:22 HHC00007I Previous message from function 'hthread_set_thread_prio' at hthreads.c(1170)
13:52:22 HHC00100I Thread id 00007f3567dfd700, prio 0, name 'cckd_writer thread 2' started
13:52:28 /*00 IFB010D ENTER 'IPL REASON,SUBSYSTEM ID' OR 'U'
13:52:28 / IEE360I SMF NOW RECORDING ON SYS1.MANX ON MVSRES TIME=07.52.28
13:52:29 HHC17540I [AUTOMATE DEBUG] Found challenge, replying with: /r 00,u
13:52:29 / AUTO COMMANDS IN COMMND00 BEING PROCESSED CN=00
13:52:29 / IEF677I WARNING MESSAGE(S) FOR JOB JES2     ISSUED
13:52:29 /*01 $HASP426 SPECIFY OPTIONS - HASP-II, VERSION JES2 4.1
13:52:30 /r 00,u
13:52:30 HHC17540I [AUTOMATE DEBUG] Waiting for: $HASP426 SPECIFY OPTIONS - HASP-II, VERSION JES...
13:52:30 HHC17540I [AUTOMATE DEBUG] Response: /r 1,format,noreq
13:52:30 / IEE600I REPLY TO 00 IS;U
13:52:30 / IGF992I  MIH INIT COMPLETE, PRI=000300, SEC=000015
13:52:32 HHC17540I [AUTOMATE DEBUG] Found challenge, replying with: /r 01,format,noreq
13:52:33 /r 01,format,noreq
13:52:33 HHC17540I [AUTOMATE DEBUG] Waiting for: $HASP479 UNABLE TO OBTAIN CKPT DATA SET LOCK - IO ...
13:52:33 HHC17540I [AUTOMATE DEBUG] Response: /r 2,y
13:52:33 / IEE600I REPLY TO 01 IS;SUPPRESSED
13:52:34 /*02 $HASP479 UNABLE TO OBTAIN CKPT DATA SET LOCK - IO ERROR           - REPLY Y OR N TO CONTINUE
13:52:38 HHC17540I [AUTOMATE DEBUG] Found challenge, replying with: /r 02,y
13:52:39 /r 02,y
13:52:39 HHC17540I [AUTOMATE DEBUG] Waiting for: $HASP436 REPLY Y OR N TO CONFIRM CHECKPOINT RECORD C...
13:52:39 HHC17540I [AUTOMATE DEBUG] Response: /r 3,y
13:52:39 / IEE600I REPLY TO 02 IS;SUPPRESSED
13:52:39 /*03 $HASP436 REPLY Y OR N TO CONFIRM CHECKPOINT RECORD CHANGE
13:52:41 HHC17540I [AUTOMATE DEBUG] Found challenge, replying with: /r 03,y
13:52:42 /r 03,y
13:52:42 HHC17540I # Initialize and Mount New DASD Volumes
13:52:42 HHC17540I [AUTOMATE DEBUG] Waiting for: / $HASP099 ALL AVAILABLE FUNCTIONS COM...
13:52:42 HHC17540I [AUTOMATE DEBUG] Response: script conf/mvs.script
13:52:42 / IEE600I REPLY TO 03 IS;SUPPRESSED
13:52:42 / $HASP493 JES2 COLD-START IS IN PROGRESS
13:52:42 / $HASP423 SPOOL1 IS BEING FORMATTED
13:53:14 / $HASP412 MAXIMUM OF 2   READER(S)  EXCEEDED
13:53:14 / $HASP412 MAXIMUM OF 1   PUNCH(ES)  EXCEEDED
13:53:14 / $HASP000 OK
13:53:14 / $HASP000 OK
13:53:14 / IEE041I THE SYSTEM LOG IS NOW ACTIVE
13:53:14 / IEE450I 07.53.14 UNIT STATUS 119 
13:53:14 / UNIT TYPE STATUS  VOLSER VOLSTATE   UNIT TYPE STATUS  VOLSER VOLSTATE
13:53:14 / UNIT TYPE STATUS  VOLSER VOLSTATE   UNIT TYPE STATUS  VOLSER VOLSTATE
13:53:14 / 100  2400 O                  /REMOV 101  2400 O                  /REMOV
13:53:14 / 102  2400 O                  /REMOV 103  2400 O                  /REMOV
13:53:14 / $HASP000 PRINTER1  00E INACTIVE F=STD1,OPER P=N R=LOCAL    C=6   ,STD
13:53:14 / $HASP000                        T=0   ,STD S=Y LIM=0-* Q=A
13:53:14 / $HASP000 PRINTER2  00F ACTIVE   F=STD1,OPER P=N R=LOCAL    C=6   ,STD
13:53:14 / $HASP000                        T=0   ,STD S=Y LIM=0-* Q=M
13:53:14 / $HASP000 OK
13:53:14 / $HASP000 OK
13:53:14 / $HASP160 PRINTER1 INACTIVE - CLASS=A
13:53:14 / $HASP160 PUNCH1   INACTIVE - CLASS=B
13:53:14 / $HASP100 SETPFKEY ON STCINRDR
13:53:14 / $HASP160 PRINTER2 INACTIVE - CLASS=M
13:53:14 / $HASP100 ZTIMER   ON STCINRDR
13:53:14 / $HASP100 INIT     ON STCINRDR
13:53:14 / $HASP100 INIT     ON STCINRDR
13:53:14 / $HASP100 INIT     ON STCINRDR
13:53:14 / $HASP373 SETPFKEY STARTED
13:53:14 / IEF403I SETPFKEY - STARTED - TIME=07.53.14
13:53:14 / $HASP373 ZTIMER   STARTED
13:53:14 / IEF403I ZTIMER - STARTED - TIME=07.53.14
13:53:14 / SETPFKEY EXECUTING
13:53:14 / $HASP373 INIT     STARTED
13:53:14 / IEF403I INIT - STARTED - TIME=07.53.14
13:53:14 / $HASP309    INIT  1 INACTIVE ******** C=A
13:53:14 / $HASP000 ID 99   T=09.53 I=   0 $VS,'S ZTIMER'
13:53:14 / $HASP373 INIT     STARTED
13:53:14 / IEF403I INIT - STARTED - TIME=07.53.14
13:53:14 / $HASP309    INIT  2 INACTIVE ******** C=BA
13:53:14 / IEF404I ZTIMER - ENDED - TIME=07.53.14
13:53:14 / $HASP395 ZTIMER   ENDED
13:53:14 / IEF404I SETPFKEY - ENDED - TIME=07.53.14
13:53:14 / $HASP395 SETPFKEY ENDED
13:53:14 / $HASP373 INIT     STARTED
13:53:14 / IEF403I INIT - STARTED - TIME=07.53.14
13:53:14 / $HASP309    INIT  3 INACTIVE ******** C=S
13:53:14 / $HASP099 ALL AVAILABLE FUNCTIONS COMPLETE
13:53:34 HHC17540I [AUTOMATE DEBUG] Found challenge, replying with: script conf/mvs.script
13:53:35 HHC01603I script conf/mvs.script
13:53:35 HHC17540I [AUTOMATE DEBUG] Waiting for: file conf/mvs.script processing ...
13:53:35 HHC17540I [AUTOMATE DEBUG] Response: sh ./submit.sh jcl/mvs00.jcl
13:53:35 HHC02260I Script 2: begin processing file conf/mvs.script
13:53:35 HHC01603I attach 180 3380 dasd/pub000.3380
13:53:35 HHC00414I 0:0180 CKD file dasd/pub000.3380: model 3380 cyls 886 heads 15 tracks 13290 trklen 47616
13:53:35 HHC01603I attach 190 3390 dasd/pub001.3390 cu=3880
13:53:35 HHC00414I 0:0190 CKD file dasd/pub001.3390: model 3390 cyls 1114 heads 15 tracks 16710 trklen 56832
13:53:35 HHC01603I attach 220 2314 dasd/sortw1.2314
13:53:35 HHC00414I 0:0220 CKD file dasd/sortw1.2314: model 2314 cyls 203 heads 20 tracks 4060 trklen 7680
13:53:35 HHC01603I attach 221 2314 dasd/sortw2.2314
13:53:35 HHC00414I 0:0221 CKD file dasd/sortw2.2314: model 2314 cyls 203 heads 20 tracks 4060 trklen 7680
13:53:35 HHC01603I attach 222 2314 dasd/sortw3.2314
13:53:35 HHC00414I 0:0222 CKD file dasd/sortw3.2314: model 2314 cyls 203 heads 20 tracks 4060 trklen 7680
13:53:35 HHC01603I attach 223 2314 dasd/sortw4.2314
13:53:35 HHC00414I 0:0223 CKD file dasd/sortw4.2314: model 2314 cyls 203 heads 20 tracks 4060 trklen 7680
13:53:35 HHC01603I attach 224 2314 dasd/sortw5.2314
13:53:35 HHC00414I 0:0224 CKD file dasd/sortw5.2314: model 2314 cyls 203 heads 20 tracks 4060 trklen 7680
13:53:35 HHC01603I attach 225 2314 dasd/sortw6.2314
13:53:35 HHC00414I 0:0225 CKD file dasd/sortw6.2314: model 2314 cyls 203 heads 20 tracks 4060 trklen 7680
13:53:35 HHC01603I attach 253 3350 dasd/syscpk.3350
13:53:35 HHC00414I 0:0253 CKD file dasd/syscpk.3350: model 3350 cyls 560 heads 30 tracks 16800 trklen 19456
13:53:35 HHC02264I Script 2: file conf/mvs.script processing ended
13:53:46 HHC17540I [AUTOMATE DEBUG] Found challenge, replying with: sh ./submit.sh jcl/mvs00.jcl
13:53:47 HHC01603I sh ./submit.sh jcl/mvs00.jcl
13:53:47 This script submits JCL from a text file to an MVS socket reader.
13:53:47 Sending jcl/mvs00.jcl
13:53:47 HHC01040I 0:000C COMM: client localhost, IP 127.0.0.1 connected to device localhost:3505
13:53:47 HHC17540I [AUTOMATE DEBUG] Waiting for: ICK003D REPLY U TO ALTER VOLUME 0180 CONTENTS, E...
13:53:47 HHC17540I [AUTOMATE DEBUG] Response: /r 4,u
13:53:47 HHC01206I 0:000C Card: client localhost, IP 127.0.0.1 disconnected from device localhost:3505
13:53:48 / $HASP100 MVS00    ON READER1     INITIALIZE DASD
13:53:48 / $HASP373 MVS00    STARTED - INIT  1 - CLASS A - SYS HMVS
13:53:48 / IEF403I MVS00 - STARTED - TIME=07.53.48
13:53:48 /*04 ICK003D REPLY U TO ALTER VOLUME 0180 CONTENTS, ELSE T
13:53:53 HHC17540I [AUTOMATE DEBUG] Found challenge, replying with: /r 04,u
13:53:54 /r 04,u
13:53:54 HHC17540I [AUTOMATE DEBUG] Waiting for: ICK003D REPLY U TO ALTER VOLUME 0190 CONTENTS, E...
13:53:54 HHC17540I [AUTOMATE DEBUG] Response: /r 5,u
13:53:54 / IEE600I REPLY TO 04 IS;SUPPRESSED
13:53:54 /*05 ICK003D REPLY U TO ALTER VOLUME 0190 CONTENTS, ELSE T
13:53:56 HHC17540I [AUTOMATE DEBUG] Found challenge, replying with: /r 05,u
13:53:57 /r 05,u
13:53:57 HHC17540I [AUTOMATE DEBUG] Waiting for: ICK003D REPLY U TO ALTER VOLUME 0220 CONTENTS, E...
13:53:57 HHC17540I [AUTOMATE DEBUG] Response: /r 6,u
13:53:58 / IEE600I REPLY TO 05 IS;SUPPRESSED
13:53:58 /*06 ICK003D REPLY U TO ALTER VOLUME 0220 CONTENTS, ELSE T
13:54:00 HHC17540I [AUTOMATE DEBUG] Found challenge, replying with: /r 06,u
13:54:01 /r 06,u
13:54:01 HHC17540I [AUTOMATE DEBUG] Waiting for: ICK003D REPLY U TO ALTER VOLUME 0221 CONTENTS, E...
13:54:01 HHC17540I [AUTOMATE DEBUG] Response: /r 7,u
13:54:01 / IEE600I REPLY TO 06 IS;SUPPRESSED
13:54:01 /*07 ICK003D REPLY U TO ALTER VOLUME 0221 CONTENTS, ELSE T
13:54:03 HHC17540I [AUTOMATE DEBUG] Found challenge, replying with: /r 07,u
13:54:04 /r 07,u
13:54:04 HHC17540I [AUTOMATE DEBUG] Waiting for: ICK003D REPLY U TO ALTER VOLUME 0222 CONTENTS, E...
13:54:04 HHC17540I [AUTOMATE DEBUG] Response: /r 8,u
13:54:05 / IEE600I REPLY TO 07 IS;SUPPRESSED
13:54:05 /*08 ICK003D REPLY U TO ALTER VOLUME 0222 CONTENTS, ELSE T
13:54:07 HHC17540I [AUTOMATE DEBUG] Found challenge, replying with: /r 08,u
13:54:08 /r 08,u
13:54:08 HHC17540I [AUTOMATE DEBUG] Waiting for: ICK003D REPLY U TO ALTER VOLUME 0223 CONTENTS, E...
13:54:08 HHC17540I [AUTOMATE DEBUG] Response: /r 9,u
13:54:08 / IEE600I REPLY TO 08 IS;SUPPRESSED
13:54:08 /*09 ICK003D REPLY U TO ALTER VOLUME 0223 CONTENTS, ELSE T
13:54:11 HHC17540I [AUTOMATE DEBUG] Found challenge, replying with: /r 09,u
13:54:12 /r 09,u
13:54:12 HHC17540I [AUTOMATE DEBUG] Waiting for: ICK003D REPLY U TO ALTER VOLUME 0224 CONTENTS, E...
13:54:12 HHC17540I [AUTOMATE DEBUG] Response: /r 10,u
13:54:12 / IEE600I REPLY TO 09 IS;SUPPRESSED
13:54:12 /*10 ICK003D REPLY U TO ALTER VOLUME 0224 CONTENTS, ELSE T
13:54:14 HHC17540I [AUTOMATE DEBUG] Found challenge, replying with: /r 10,u
13:54:15 /r 10,u
13:54:15 HHC17540I [AUTOMATE DEBUG] Waiting for: ICK003D REPLY U TO ALTER VOLUME 0225 CONTENTS, E...
13:54:15 HHC17540I [AUTOMATE DEBUG] Response: /r 11,u
13:54:15 / IEE600I REPLY TO 10 IS;SUPPRESSED
13:54:15 /*11 ICK003D REPLY U TO ALTER VOLUME 0225 CONTENTS, ELSE T
13:54:18 HHC17540I [AUTOMATE DEBUG] Found challenge, replying with: /r 11,u
13:54:19 /r 11,u
13:54:19 HHC17540I # Creating user catalogs
13:54:19 HHC17540I [AUTOMATE DEBUG] Waiting for: / $HASP099 ALL AVAILABLE FUNCTIONS COM...
13:54:19 HHC17540I [AUTOMATE DEBUG] Response: sh ./submit.sh jcl/mvs01.jcl
13:54:19 / IEE600I REPLY TO 11 IS;SUPPRESSED
13:54:19 / IEFACTRT ICKDSF  /ICKDSF13/00:00:01.14/00:00:31.21/00000/MVS00
13:54:19 / $HASP100 MVS00    ON INTRDR      PUT NEW DASD ONLINE
13:54:19 / IEFACTRT IEBGENER/IEBGENER/00:00:00.02/00:00:00.05/00000/MVS00
13:54:19 / IEF165I // V (180,190,220,221,222,223,224,225,253),ONLINE
13:54:19 / IEF165I // M 180,VOL=(SL,PUB000),USE=PRIVATE
13:54:19 / IEF165I // M 190,VOL=(SL,PUB001),USE=PRIVATE
13:54:19 / IEF165I // M 220,VOL=(SL,SORTW1),USE=PUBLIC
13:54:19 / IEF165I // M 221,VOL=(SL,SORTW2),USE=PUBLIC
13:54:19 / IEF165I // M 222,VOL=(SL,SORTW3),USE=PUBLIC
13:54:19 / IEE302I 180      ONLINE
13:54:19 / IEE302I 190      ONLINE
13:54:19 / IEE302I 220      ONLINE
13:54:19 / IEE302I 221      ONLINE
13:54:19 / IEE302I 222      ONLINE
13:54:19 / IEE302I 223      ONLINE
13:54:19 / IEE302I 224      ONLINE
13:54:19 / IEE302I 225      ONLINE
13:54:19 / IEE302I 253      ONLINE
13:54:19 / IEF165I // M 223,VOL=(SL,SORTW4),USE=PUBLIC
13:54:19 / IEF165I // M 224,VOL=(SL,SORTW5),USE=PUBLIC
13:54:19 / IEF165I // M 225,VOL=(SL,SORTW6),USE=PUBLIC
13:54:19 / IEF165I // M 253,VOL=(SL,SYSCPK),USE=PRIVATE
13:54:19 / $HASP100 MOUNT    ON STCINRDR
13:54:19 / $HASP100 MOUNT    ON STCINRDR
13:54:19 / $HASP301 MVS00    - DUPLICATE JOB NAME - JOB DELAYED
13:54:19 / $HASP100 MOUNT    ON STCINRDR
13:54:19 / $HASP100 MOUNT    ON STCINRDR
13:54:19 / $HASP100 MOUNT    ON STCINRDR
13:54:19 / $HASP100 MOUNT    ON STCINRDR
13:54:19 / $HASP100 MOUNT    ON STCINRDR
13:54:19 / $HASP373 MOUNT    STARTED
13:54:19 / $HASP100 MOUNT    ON STCINRDR
13:54:19 / IEF403I MOUNT - STARTED - TIME=07.54.19
13:54:19 / $HASP100 MOUNT    ON STCINRDR
13:54:19 / $HASP373 MOUNT    STARTED
13:54:19 / IEF403I MOUNT - STARTED - TIME=07.54.19
13:54:19 / IEF404I MOUNT - ENDED - TIME=07.54.19
13:54:19 / $HASP395 MOUNT    ENDED
13:54:19 / $HASP373 MOUNT    STARTED
13:54:19 / IEF861I FOLLOWING RESERVED DATA SET NAMES UNAVAILABLE TO MOUNT
13:54:19 / IEF863I DSN=SYSMOUNT
13:54:19 /*IEF099I JOB MOUNT    WAITING FOR DATA SETS
13:54:19 / IEF404I MOUNT - ENDED - TIME=07.54.19
13:54:19 / $HASP395 MOUNT    ENDED
13:54:19 / $HASP373 MOUNT    STARTED
13:54:19 / IEF861I FOLLOWING RESERVED DATA SET NAMES UNAVAILABLE TO MOUNT
13:54:19 / IEF863I DSN=SYSMOUNT
13:54:19 /*IEF099I JOB MOUNT    WAITING FOR DATA SETS
13:54:19 / $HASP373 MOUNT    STARTED
13:54:19 / IEF861I FOLLOWING RESERVED DATA SET NAMES UNAVAILABLE TO MOUNT
13:54:19 / IEF863I DSN=SYSMOUNT
13:54:19 /*IEF099I JOB MOUNT    WAITING FOR DATA SETS
13:54:19 / IEF403I MOUNT - STARTED - TIME=07.54.19
13:54:19 / $HASP373 MOUNT    STARTED
13:54:19 / IEF861I FOLLOWING RESERVED DATA SET NAMES UNAVAILABLE TO MOUNT
13:54:19 / IEF863I DSN=SYSMOUNT
13:54:19 /*IEF099I JOB MOUNT    WAITING FOR DATA SETS
13:54:19 / IEF404I MOUNT - ENDED - TIME=07.54.19
13:54:19 / $HASP395 MOUNT    ENDED
13:54:19 / IEF403I MOUNT - STARTED - TIME=07.54.19
13:54:19 / $HASP373 MOUNT    STARTED
13:54:19 / IEF861I FOLLOWING RESERVED DATA SET NAMES UNAVAILABLE TO MOUNT
13:54:19 / IEF863I DSN=SYSMOUNT
13:54:19 /*IEF099I JOB MOUNT    WAITING FOR DATA SETS
13:54:19 / IEF404I MOUNT - ENDED - TIME=07.54.19
13:54:19 / $HASP395 MOUNT    ENDED
13:54:19 / IEF403I MOUNT - STARTED - TIME=07.54.19
13:54:19 / IEF404I MOUNT - ENDED - TIME=07.54.19
13:54:19 / $HASP395 MOUNT    ENDED
13:54:19 / $HASP373 MOUNT    STARTED
13:54:19 / IEF861I FOLLOWING RESERVED DATA SET NAMES UNAVAILABLE TO MOUNT
13:54:19 / IEF863I DSN=SYSMOUNT
13:54:19 /*IEF099I JOB MOUNT    WAITING FOR DATA SETS
13:54:19 / $HASP373 MOUNT    STARTED
13:54:19 / IEF861I FOLLOWING RESERVED DATA SET NAMES UNAVAILABLE TO MOUNT
13:54:19 / IEF863I DSN=SYSMOUNT
13:54:19 /*IEF099I JOB MOUNT    WAITING FOR DATA SETS
13:54:19 / IEF403I MOUNT - STARTED - TIME=07.54.20
13:54:19 / IEF404I MOUNT - ENDED - TIME=07.54.20
13:54:19 / $HASP395 MOUNT    ENDED
13:54:20 / IEF403I MOUNT - STARTED - TIME=07.54.21
13:54:20 / IEF404I MOUNT - ENDED - TIME=07.54.21
13:54:20 / $HASP395 MOUNT    ENDED
13:54:20 / IEF403I MOUNT - STARTED - TIME=07.54.21
13:54:20 / IEF404I MOUNT - ENDED - TIME=07.54.21
13:54:20 / $HASP395 MOUNT    ENDED
13:54:20 / IEF403I MOUNT - STARTED - TIME=07.54.21
13:54:20 / IEF404I MOUNT - ENDED - TIME=07.54.21
13:54:20 / $HASP395 MOUNT    ENDED
13:54:22 / IEFACTRT BACKUP01/IEHPROGM/00:00:00.02/00:00:02.46/00000/MVS00
13:54:22 / IEFACTRT UPDATE01/IEBUPDTE/00:00:00.03/00:00:00.08/00000/MVS00
13:54:22 / IEF404I MVS00 - ENDED - TIME=07.54.22
13:54:22 / $HASP395 MVS00    ENDED
13:54:22 / $HASP309    INIT  1 INACTIVE ******** C=A
13:54:22 / $HASP150 MVS00    ON PRINTER1       317 LINES
13:54:22 / $HASP373 MVS00    STARTED - INIT  3 - CLASS S - SYS HMVS
13:54:22 / IEF403I MVS00 - STARTED - TIME=07.54.22
13:54:22 / IEFACTRT IEFBR14 /IEFBR14 /00:00:00.00/00:00:00.01/00000/MVS00
13:54:22 / $HASP160 PRINTER1 INACTIVE - CLASS=A
13:54:22 / $HASP250 MVS00    IS PURGED
13:54:22 / IEFACTRT IDCAMS01/IDCAMS  /00:00:00.07/00:00:00.33/00000/MVS00
13:54:22 / IEF404I MVS00 - ENDED - TIME=07.54.22
13:54:22 / $HASP395 MVS00    ENDED
13:54:22 / $HASP309    INIT  3 INACTIVE ******** C=S
13:54:22 / $HASP150 MVS00    ON PRINTER1       112 LINES
13:54:22 / $HASP160 PRINTER1 INACTIVE - CLASS=A
13:54:22 / $HASP250 MVS00    IS PURGED
13:54:22 / $HASP099 ALL AVAILABLE FUNCTIONS COMPLETE
13:55:14 HHC17540I [AUTOMATE DEBUG] Found challenge, replying with: sh ./submit.sh jcl/mvs01.jcl
13:55:15 HHC01603I sh ./submit.sh jcl/mvs01.jcl
13:55:15 This script submits JCL from a text file to an MVS socket reader.
13:55:15 Sending jcl/mvs01.jcl
13:55:15 HHC01040I 0:000C COMM: client localhost, IP 127.0.0.1 connected to device localhost:3505
13:55:15 HHC17540I # Adding TSO User IDs HMVS01 and HMVS02
13:55:15 HHC17540I [AUTOMATE DEBUG] Waiting for: / $HASP099 ALL AVAILABLE FUNCTIONS COM...
13:55:15 HHC17540I [AUTOMATE DEBUG] Response: sh ./submit.sh jcl/mvs02.jcl
13:55:15 HHC01206I 0:000C Card: client localhost, IP 127.0.0.1 disconnected from device localhost:3505
13:55:15 / $HASP100 MVS01    ON READER1     SETUP USER CATS
13:55:15 / $HASP373 MVS01    STARTED - INIT  3 - CLASS S - SYS HMVS
13:55:15 / IEF403I MVS01 - STARTED - TIME=07.55.16
13:55:22 / IEFACTRT IDCAMS01/IDCAMS  /00:00:00.85/00:00:06.84/00000/MVS01
13:55:22 / IEF404I MVS01 - ENDED - TIME=07.55.22
13:55:22 / $HASP395 MVS01    ENDED
13:55:22 / $HASP309    INIT  3 INACTIVE ******** C=S
13:55:22 / $HASP150 MVS01    ON PRINTER1       194 LINES
13:55:22 / $HASP160 PRINTER1 INACTIVE - CLASS=A
13:55:22 / $HASP250 MVS01    IS PURGED
13:55:22 / $HASP099 ALL AVAILABLE FUNCTIONS COMPLETE
13:55:26 HHC17540I [AUTOMATE DEBUG] Found challenge, replying with: sh ./submit.sh jcl/mvs02.jcl
13:55:27 HHC01603I sh ./submit.sh jcl/mvs02.jcl
13:55:27 This script submits JCL from a text file to an MVS socket reader.
13:55:27 Sending jcl/mvs02.jcl
13:55:27 HHC01040I 0:000C COMM: client localhost, IP 127.0.0.1 connected to device localhost:3505
13:55:27 HHC17540I [AUTOMATE DEBUG] Waiting for: IEC301A S JOB MVS02    DSNAME SYS1.VSAM.MASTER.CA...
13:55:27 HHC17540I [AUTOMATE DEBUG] Response: /r 12,sysprog
13:55:27 HHC01206I 0:000C Card: client localhost, IP 127.0.0.1 disconnected from device localhost:3505
13:55:27 / $HASP100 MVS02    ON READER1     ADD TSO USERS
13:55:27 / $HASP373 MVS02    STARTED - INIT  3 - CLASS S - SYS HMVS
13:55:27 / IEF403I MVS02 - STARTED - TIME=07.55.27
13:55:27 / IEFACTRT DEL01   /IEFBR14 /00:00:00.01/00:00:00.10/00000/MVS02
13:55:27 / IEFACTRT AL02    /IEFBR14 /00:00:00.01/00:00:00.24/00000/MVS02
13:55:28 / IEFACTRT PW03    /PSU002  /00:00:00.01/00:00:00.24/00000/MVS02
13:55:28 / IEFACTRT PW04    /PSU002  /00:00:00.01/00:00:00.19/00000/MVS02
13:55:28 / IEFACTRT PW05    /PSU002  /00:00:00.01/00:00:00.19/00000/MVS02
13:55:28 / IEFACTRT PW06    /PSU002  /00:00:00.01/00:00:00.19/00000/MVS02
13:55:48 / IEFACTRT TSO07   /IKJEFT01/00:00:01.74/00:00:19.81/00000/MVS02
13:55:48 / IEFACTRT PW08    /PSU002  /00:00:00.01/00:00:00.23/00000/MVS02
13:55:48 / IEFACTRT PW09    /PSU002  /00:00:00.01/00:00:00.18/00000/MVS02
13:55:49 / IEFACTRT PW10    /PSU002  /00:00:00.01/00:00:00.19/00000/MVS02
13:55:49 / IEFACTRT PW11    /PSU002  /00:00:00.01/00:00:00.18/00000/MVS02
13:55:49 / IEFACTRT PW12    /PSU002  /00:00:00.01/00:00:00.19/00000/MVS02
13:55:49 / IEFACTRT PW13    /PSU002  /00:00:00.01/00:00:00.18/00000/MVS02
13:55:49 / IEFACTRT PW14    /PSU002  /00:00:00.01/00:00:00.19/00000/MVS02
13:55:50 /*12 IEC301A S JOB MVS02    DSNAME SYS1.VSAM.MASTER.CATALOG
13:55:52 HHC17540I [AUTOMATE DEBUG] Found challenge, replying with: /r 12,sysprog
13:55:53 /r 12,sysprog
13:55:53 HHC17540I [AUTOMATE DEBUG] Waiting for: IEC301A S JOB MVS02    DSNAME SYS1.VSAM.MASTER.CA...
13:55:53 HHC17540I [AUTOMATE DEBUG] Response: /r 13,sysprog
13:55:53 / IEE600I REPLY TO 12 IS;SUPPRESSED
13:57:58 / IEFACTRT IDC15   /IDCAMS  /00:00:09.68/00:02:08.65/00000/MVS02
13:57:58 / IEFACTRT DEL01   /IEFBR14 /00:00:00.01/00:00:00.09/00000/MVS02
13:57:58 / IEFACTRT AL02    /IEFBR14 /00:00:00.01/00:00:00.23/00000/MVS02
13:57:59 / IEFACTRT PW03    /PSU002  /00:00:00.01/00:00:00.23/00000/MVS02
13:57:59 / IEFACTRT PW04    /PSU002  /00:00:00.01/00:00:00.17/00000/MVS02
13:57:59 / IEFACTRT PW05    /PSU002  /00:00:00.01/00:00:00.17/00000/MVS02
13:57:59 / IEFACTRT PW06    /PSU002  /00:00:00.01/00:00:00.18/00000/MVS02
13:58:23 / IEFACTRT TSO07   /IKJEFT01/00:00:02.17/00:00:24.26/00000/MVS02
13:58:24 / IEFACTRT PW08    /PSU002  /00:00:00.01/00:00:00.23/00000/MVS02
13:58:24 / IEFACTRT PW09    /PSU002  /00:00:00.01/00:00:00.18/00000/MVS02
13:58:24 / IEFACTRT PW10    /PSU002  /00:00:00.01/00:00:00.18/00000/MVS02
13:58:24 / IEFACTRT PW11    /PSU002  /00:00:00.01/00:00:00.19/00000/MVS02
13:58:24 / IEFACTRT PW12    /PSU002  /00:00:00.01/00:00:00.19/00000/MVS02
13:58:25 / IEFACTRT PW13    /PSU002  /00:00:00.01/00:00:00.19/00000/MVS02
13:58:25 / IEFACTRT PW14    /PSU002  /00:00:00.01/00:00:00.19/00000/MVS02
13:58:25 /*13 IEC301A S JOB MVS02    DSNAME SYS1.VSAM.MASTER.CATALOG
13:58:28 HHC17540I [AUTOMATE DEBUG] Found challenge, replying with: /r 13,sysprog
13:58:29 /r 13,sysprog
13:58:29 HHC17540I [AUTOMATE DEBUG] Waiting for: / $HASP099 ALL AVAILABLE FUNCTIONS COM...
13:58:29 HHC17540I [AUTOMATE DEBUG] Response: sh ./submit.sh jcl/date.jcl
13:58:29 / IEE600I REPLY TO 13 IS;SUPPRESSED
13:58:29 / IEFACTRT IDC15   /IDCAMS  /00:00:00.19/00:00:04.51/00000/MVS02
13:58:29 / IEF404I MVS02 - ENDED - TIME=07.58.30
13:58:29 / $HASP395 MVS02    ENDED
13:58:29 / $HASP309    INIT  3 INACTIVE ******** C=S
13:58:29 / $HASP150 MVS02    ON PRINTER1     1,322 LINES
13:58:30 / $HASP160 PRINTER1 INACTIVE - CLASS=A
13:58:30 / $HASP250 MVS02    IS PURGED
13:58:30 / $HASP099 ALL AVAILABLE FUNCTIONS COMPLETE
13:58:35 HHC17540I [AUTOMATE DEBUG] Found challenge, replying with: sh ./submit.sh jcl/date.jcl
13:58:36 HHC01603I sh ./submit.sh jcl/date.jcl
13:58:36 This script submits JCL from a text file to an MVS socket reader.
13:58:36 Sending jcl/date.jcl
13:58:36 HHC01040I 0:000C COMM: client localhost, IP 127.0.0.1 connected to device localhost:3505
13:58:36 HHC17540I [AUTOMATE DEBUG] Waiting for: / $HASP099 ALL AVAILABLE FUNCTIONS COM...
13:58:36 HHC17540I [AUTOMATE DEBUG] Response: /s net
13:58:36 HHC01206I 0:000C Card: client localhost, IP 127.0.0.1 disconnected from device localhost:3505
13:58:36 / $HASP100 DATE$    ON READER1     INSTALL DATE
13:58:36 / $HASP373 DATE$    STARTED - INIT  3 - CLASS S - SYS HMVS
13:58:36 / IEF403I DATE$ - STARTED - TIME=07.58.36
13:58:37 / IEFACTRT ASM     /IFOX00  /00:00:00.29/00:00:00.93/00000/DATE$
13:58:37 / IEFACTRT LKED    /IEWL    /00:00:00.06/00:00:00.46/00000/DATE$
13:58:38 / IEFACTRT HELP    /IEBUPDTE/00:00:00.02/00:00:00.08/00000/DATE$
13:58:38 / IEF404I DATE$ - ENDED - TIME=07.58.38
13:58:38 / $HASP395 DATE$    ENDED
13:58:38 / $HASP309    INIT  3 INACTIVE ******** C=S
13:58:38 / $HASP150 DATE$    ON PRINTER1       450 LINES
13:58:38 / $HASP160 PRINTER1 INACTIVE - CLASS=A
13:58:38 / $HASP250 DATE$    IS PURGED
13:58:38 / $HASP099 ALL AVAILABLE FUNCTIONS COMPLETE
13:58:46 HHC17540I [AUTOMATE DEBUG] Found challenge, replying with: /s net
13:58:47 /s net
13:58:47 HHC17540I [AUTOMATE DEBUG] Waiting for: / IKT005I TCAS IS INITIA...
13:58:47 HHC17540I [AUTOMATE DEBUG] Response: /P TSO
13:58:47 / $HASP100 NET      ON STCINRDR
13:58:47 / $HASP373 NET      STARTED
13:58:47 / IEF403I NET - STARTED - TIME=07.58.47
13:58:47 / IST025I  BLDL FAILED FOR IEDIAE   IN VTAMLIB
13:58:47 / IST025I  BLDL FAILED FOR IEDIAE   IN VTAMLIB
13:58:47 / IST025I  BLDL FAILED FOR IEDIAE   IN VTAMLIB
13:58:47 / IST025I  BLDL FAILED FOR IEDIAE   IN VTAMLIB
13:58:47 / IST025I  BLDL FAILED FOR IEDIAK   IN VTAMLIB
13:58:47 / IST025I  BLDL FAILED FOR IEDIAK   IN VTAMLIB
13:58:47 / IST110I  NETWORK SOLICITOR STARTED
13:58:47 / IST093I  APPLTSO  ACTIVE
13:58:48 / IST093I  LCL400   ACTIVE
13:58:48 / $HASP100 TSO      ON STCINRDR
13:58:48 / IST020I  VTAM INITIALIZATION COMPLETE
13:58:48 / IEA000I 400,IOE,05,0200,400000000001,,,NET     ,07.58.48
13:58:48 / IEA000I 402,IOE,05,0200,400000000001,,,NET     ,07.58.48
13:58:48 / IEA000I 401,IOE,05,0200,400000000001,,,NET     ,07.58.48
13:58:48 / $HASP373 TSO      STARTED
13:58:48 / IEF403I TSO - STARTED - TIME=07.58.48
13:58:48 / IKT007I TCAS ACCEPTING LOGONS
13:58:48 / IKT005I TCAS IS INITIALIZED
13:58:59 HHC17540I [AUTOMATE DEBUG] Found challenge, replying with: /P TSO
13:59:00 /P TSO
13:59:00 HHC17540I [AUTOMATE DEBUG] Waiting for: / $HASP395 TSO      ...
13:59:00 HHC17540I [AUTOMATE DEBUG] Response: /Z NET,QUICK
13:59:00 / IKT006I  TCAS ENDED
13:59:00 / IEF404I TSO - ENDED - TIME=07.59.00
13:59:00 / $HASP395 TSO      ENDED
13:59:03 HHC17540I [AUTOMATE DEBUG] Found challenge, replying with: /Z NET,QUICK
13:59:04 /Z NET,QUICK
13:59:04 HHC17540I [AUTOMATE DEBUG] Waiting for: / $HASP099 ALL AVAILABLE FUNCTIONS COM...
13:59:04 HHC17540I [AUTOMATE DEBUG] Response: /$P JES2
13:59:04 / IST097I  HALT     ACCEPTED
13:59:04 / IST133I  VTAM TERMINATION IN PROGRESS
13:59:04 / IST109I  NETWORK SOLICITOR IS NOW TERMINATED
13:59:04 / IST141I  NODE LCL400   NOW DORMANT
13:59:04 / IST105I  LCL400   NODE NOW INACTIVE
13:59:04 / IST105I  APPLTSO  NODE NOW INACTIVE
13:59:04 / IST412I  VTAM COMMAND PROCESSING TERMINATED
13:59:04 / IST102I  VTAM IS NOW INACTIVE
13:59:04 / IEF404I NET - ENDED - TIME=07.59.04
13:59:04 / $HASP395 NET      ENDED
13:59:04 / $HASP099 ALL AVAILABLE FUNCTIONS COMPLETE
13:59:11 HHC17540I [AUTOMATE DEBUG] Found challenge, replying with: /$P JES2
13:59:12 /$P JES2
13:59:12 HHC17540I [AUTOMATE DEBUG] Waiting for: / $HASP085 JES2 TERMINATION COM...
13:59:12 HHC17540I [AUTOMATE DEBUG] Response: /Z EOD
13:59:12 / IEF404I INIT - ENDED - TIME=07.59.12
13:59:12 / $HASP395 INIT     ENDED
13:59:12 / IEF404I INIT - ENDED - TIME=07.59.12
13:59:12 / $HASP395 INIT     ENDED
13:59:12 / IEF404I INIT - ENDED - TIME=07.59.12
13:59:12 / $HASP395 INIT     ENDED
13:59:12 / IEE043I A SYSTEM LOG DATA SET HAS BEEN QUEUED TO SYSOUT CLASS A
13:59:12 / IEE037I LOG NOT ACTIVE
13:59:17 / $HASP085 JES2 TERMINATION COMPLETE
13:59:17 / IEF404I JES2 - ENDED - TIME=07.59.17
13:59:18 HHC17540I [AUTOMATE DEBUG] Found challenge, replying with: /Z EOD
13:59:19 /Z EOD
13:59:19 HHC17540I [AUTOMATE DEBUG] Waiting for: / IEE334I HALT     EOD SUCCE...
13:59:19 HHC17540I [AUTOMATE DEBUG] Response: /QUIESCE
13:59:19 /*IEE362A SMF ENTER DUMP FOR SYS1.MANX ON MVSRES
13:59:19 / IEE360I SMF NOW RECORDING ON SYS1.MANY ON MVSRES TIME=07.59.19
13:59:19 / IEE334I HALT     EOD SUCCESSFUL
13:59:22 HHC17540I [AUTOMATE DEBUG] Found challenge, replying with: /QUIESCE
13:59:23 /QUIESCE
13:59:23 HHC17540I [AUTOMATE DEBUG] Waiting for: HHC00809I Processor CP00: disabled wait ...
13:59:23 HHC17540I [AUTOMATE DEBUG] Response: quit
13:59:23 HHC00809I Processor CP00: disabled wait state 000A0000 00000CCC
13:59:25 HHC17540I [AUTOMATE DEBUG] Found challenge, replying with: quit
13:59:26 HHC01603I sh rm -f failure
13:59:26 HHC01603I quit
13:59:26 HHC01420I Begin Hercules shutdown
13:59:27 HHC01423I Calling termination routines
13:59:27 HHC01423I Calling termination routines
13:59:27 HHC00101I Thread id 00007f3595ae5700, prio 0, name 'socket_thread' ended
13:59:27 HHC00101I Thread id 00007f35958e2700, prio 0, name 'Processor CP00' ended
13:59:27 HHC00333I 0:0150   32/64       size free  nbr st   reads  writes l2reads    hits switches
13:59:27 HHC00334I 0:0150                                                      readaheads   misses
13:59:27 HHC00335I 0:0150 ------------------------------------------------------------------------
13:59:27 HHC00336I 0:0150 [*] 32 00013097021 011% 0015    0001263 0007443 0000058 0002392  0003111
13:59:27 HHC00337I 0:0150                                                         0000613  0000118
13:59:27 HHC00338I 0:0150 dasd/mvsres.3350
13:59:27 HHC00339I 0:0150 [0] 32 00013097021 011% 0015 rw 0001263 0007443 0000058
13:59:27 HHC00333I 0:0151   32/64       size free  nbr st   reads  writes l2reads    hits switches
13:59:27 HHC00334I 0:0151                                                      readaheads   misses
13:59:27 HHC00335I 0:0151 ------------------------------------------------------------------------
13:59:27 HHC00336I 0:0151 [*] 32 00000850468 001% 0005    0000087 0001457 0000045 0001423  0001476
13:59:27 HHC00337I 0:0151                                                         0000080  0000015
13:59:27 HHC00338I 0:0151 dasd/mvs000.3350
13:59:27 HHC00339I 0:0151 [0] 32 00000850468 001% 0005 rw 0000087 0001457 0000045
13:59:27 HHC00333I 0:0152   32/64       size free  nbr st   reads  writes l2reads    hits switches
13:59:27 HHC00334I 0:0152                                                      readaheads   misses
13:59:27 HHC00335I 0:0152 ------------------------------------------------------------------------
13:59:27 HHC00336I 0:0152 [*] 32 00005120771 002% 0005    0000694 0066068 0000066 0001055  0001407
13:59:27 HHC00337I 0:0152                                                         0000342  0000084
13:59:27 HHC00338I 0:0152 dasd/page00.3350
13:59:27 HHC00339I 0:0152 [0] 32 00005120771 002% 0005 rw 0000694 0066068 0000066
13:59:27 HHC00333I 0:0153   32/64       size free  nbr st   reads  writes l2reads    hits switches
13:59:27 HHC00334I 0:0153                                                      readaheads   misses
13:59:27 HHC00335I 0:0153 ------------------------------------------------------------------------
13:59:27 HHC00336I 0:0153 [*] 32 00002974854 021% 0013    0000134 0060864 0000034 0017588  0017655
13:59:27 HHC00337I 0:0153                                                         0016691  0000039
13:59:27 HHC00338I 0:0153 dasd/spool1.3350
13:59:27 HHC00339I 0:0153 [0] 32 00002974854 021% 0013 rw 0000134 0060864 0000034
13:59:27 HHC00333I 0:0250   32/64       size free  nbr st   reads  writes l2reads    hits switches
13:59:27 HHC00335I 0:0250 ------------------------------------------------------------------------
13:59:27 HHC00336I 0:0250 [*] 32 00033925582 002% 0495    0000001 0000000 0000001 0000000  0000001
13:59:27 HHC00338I 0:0250 dasd/smp000.3350
13:59:27 HHC00339I 0:0250 [0] 32 00033925582 002% 0495 rw 0000001 0000000 0000001
13:59:27 HHC00333I 0:0251   32/64       size free  nbr st   reads  writes l2reads    hits switches
13:59:27 HHC00334I 0:0251                                                      readaheads   misses
13:59:27 HHC00335I 0:0251 ------------------------------------------------------------------------
13:59:27 HHC00336I 0:0251 [*] 32 00001990108 031% 0007    0000010 0000967 0000003 0000130  0000139
13:59:27 HHC00337I 0:0251                                                         0000011  0000003
13:59:27 HHC00338I 0:0251 dasd/work00.3350
13:59:27 HHC00339I 0:0251 [0] 32 00001990108 031% 0007 rw 0000010 0000967 0000003
13:59:27 HHC00333I 0:0252   32/64       size free  nbr st   reads  writes l2reads    hits switches
13:59:27 HHC00334I 0:0252                                                      readaheads   misses
13:59:27 HHC00335I 0:0252 ------------------------------------------------------------------------
13:59:27 HHC00336I 0:0252 [*] 32 00015560250 006% 0036    0000022 0002245 0000056 0000085  0000098
13:59:27 HHC00337I 0:0252                                                         0000011  0000002
13:59:27 HHC00338I 0:0252 dasd/work01.3350
13:59:27 HHC00339I 0:0252 [0] 32 00015560250 006% 0036 rw 0000022 0002245 0000056
13:59:27 HHC00101I Thread id 00007f35946db700, prio 0, name 'console_connect' ended
13:59:27 HHC00333I 0:0180   32/64       size free  nbr st   reads  writes l2reads    hits switches
13:59:27 HHC00334I 0:0180                                                      readaheads   misses
13:59:27 HHC00335I 0:0180 ------------------------------------------------------------------------
13:59:27 HHC00336I 0:0180 [*] 32 00000207471 013% 0003    0000019 0002169 0000001 0017306  0017435
13:59:27 HHC00337I 0:0180                                                         0000223  0000036
13:59:27 HHC00338I 0:0180 dasd/pub000.3380
13:59:27 HHC00339I 0:0180 [0] 32 00000207471 013% 0003 rw 0000019 0002169 0000001
13:59:27 HHC00333I 0:0190   32/64       size free  nbr st   reads  writes l2reads    hits switches
13:59:27 HHC00334I 0:0190                                                      readaheads   misses
13:59:27 HHC00335I 0:0190 ------------------------------------------------------------------------
13:59:27 HHC00336I 0:0190 [*] 32 00000020536 000% 0000    0000004 0000793 0000001 0000090  0000107
13:59:27 HHC00337I 0:0190                                                         0000074  0000021
13:59:27 HHC00338I 0:0190 dasd/pub001.3390
13:59:27 HHC00339I 0:0190 [0] 32 00000020536 000% 0000 rw 0000004 0000793 0000001
13:59:27 HHC00333I 0:0220   32/64       size free  nbr st   reads  writes l2reads    hits switches
13:59:27 HHC00334I 0:0220                                                      readaheads   misses
13:59:27 HHC00335I 0:0220 ------------------------------------------------------------------------
13:59:27 HHC00336I 0:0220 [*] 32 00000022094 000% 0000    0000003 0000032 0000001 0000065  0000072
13:59:27 HHC00337I 0:0220                                                         0000063  0000004
13:59:27 HHC00338I 0:0220 dasd/sortw1.2314
13:59:27 HHC00339I 0:0220 [0] 32 00000022094 000% 0000 rw 0000003 0000032 0000001
13:59:27 HHC00333I 0:0221   32/64       size free  nbr st   reads  writes l2reads    hits switches
13:59:27 HHC00334I 0:0221                                                      readaheads   misses
13:59:27 HHC00335I 0:0221 ------------------------------------------------------------------------
13:59:27 HHC00336I 0:0221 [*] 32 00000004063 000% 0000    0000003 0000032 0000001 0000065  0000072
13:59:27 HHC00337I 0:0221                                                         0000063  0000003
13:59:27 HHC00338I 0:0221 dasd/sortw2.2314
13:59:27 HHC00339I 0:0221 [0] 32 00000004063 000% 0000 rw 0000003 0000032 0000001
13:59:27 HHC00333I 0:0222   32/64       size free  nbr st   reads  writes l2reads    hits switches
13:59:27 HHC00334I 0:0222                                                      readaheads   misses
13:59:27 HHC00335I 0:0222 ------------------------------------------------------------------------
13:59:27 HHC00336I 0:0222 [*] 32 00000004063 000% 0000    0000003 0000028 0000001 0000065  0000072
13:59:27 HHC00337I 0:0222                                                         0000063  0000005
13:59:27 HHC00338I 0:0222 dasd/sortw3.2314
13:59:27 HHC00339I 0:0222 [0] 32 00000004063 000% 0000 rw 0000003 0000028 0000001
13:59:27 HHC00333I 0:0223   32/64       size free  nbr st   reads  writes l2reads    hits switches
13:59:27 HHC00334I 0:0223                                                      readaheads   misses
13:59:27 HHC00335I 0:0223 ------------------------------------------------------------------------
13:59:27 HHC00336I 0:0223 [*] 32 00000022094 000% 0000    0000003 0000032 0000001 0000065  0000072
13:59:27 HHC00337I 0:0223                                                         0000063  0000002
13:59:27 HHC00338I 0:0223 dasd/sortw4.2314
13:59:27 HHC00339I 0:0223 [0] 32 00000022094 000% 0000 rw 0000003 0000032 0000001
13:59:27 HHC00333I 0:0224   32/64       size free  nbr st   reads  writes l2reads    hits switches
13:59:27 HHC00334I 0:0224                                                      readaheads   misses
13:59:27 HHC00335I 0:0224 ------------------------------------------------------------------------
13:59:27 HHC00336I 0:0224 [*] 32 00000004063 000% 0000    0000002 0000032 0000001 0000066  0000072
13:59:27 HHC00337I 0:0224                                                         0000063  0000002
13:59:27 HHC00338I 0:0224 dasd/sortw5.2314
13:59:27 HHC00339I 0:0224 [0] 32 00000004063 000% 0000 rw 0000002 0000032 0000001
13:59:27 HHC00333I 0:0225   32/64       size free  nbr st   reads  writes l2reads    hits switches
13:59:27 HHC00334I 0:0225                                                      readaheads   misses
13:59:27 HHC00335I 0:0225 ------------------------------------------------------------------------
13:59:27 HHC00336I 0:0225 [*] 32 00000004063 000% 0000    0000002 0000027 0000001 0000066  0000072
13:59:27 HHC00337I 0:0225                                                         0000063  0000004
13:59:27 HHC00338I 0:0225 dasd/sortw6.2314
13:59:27 HHC00339I 0:0225 [0] 32 00000004063 000% 0000 rw 0000002 0000027 0000001
13:59:27 HHC00333I 0:0253   32/64       size free  nbr st   reads  writes l2reads    hits switches
13:59:27 HHC00334I 0:0253                                                      readaheads   misses
13:59:27 HHC00335I 0:0253 ------------------------------------------------------------------------
13:59:27 HHC00336I 0:0253 [*] 32 00035477467 027% 0001    0000047 0002399 0000011 0000408  0000441
13:59:27 HHC00337I 0:0253                                                         0000014  0000007
13:59:27 HHC00338I 0:0253 dasd/syscpk.3350
13:59:27 HHC00339I 0:0253 [0] 32 00035477467 027% 0001 rw 0000047 0002399 0000011
13:59:27 HHC00101I Thread id 00007f35942d7700, prio 0, name 'cckd_ra thread 2' ended
13:59:27 HHC00101I Thread id 00007f35943d8700, prio 0, name 'cckd_ra thread 1' ended
13:59:27 HHC00101I Thread id 00007f3567fff700, prio 0, name 'cckd_gcol' ended
13:59:27 HHC00101I Thread id 00007f3567dfd700, prio 0, name 'cckd_writer thread 2' ended
13:59:27 HHC00101I Thread id 00007f35941d6700, prio 0, name 'cckd_writer thread 1' ended
13:59:27 HHC01427I Main storage released
13:59:27 HHC01427I Expanded storage released
13:59:27 HHC01422I Configuration released
13:59:27 HHC00101I Thread id 00007f35957e1700, prio 0, name 'timer_thread' ended
13:59:27 HHC00101I Thread id 00007f3596149540, prio 0, name 'panel_display' ended
